#
# There is insufficient memory for the Java Runtime Environment to continue.
# Native memory allocation (malloc) failed to allocate 1048576 bytes. Error detail: AllocateHeap
# Possible reasons:
#   The system is out of physical RAM or swap space
#   This process is running with CompressedOops enabled, and the Java Heap may be blocking the growth of the native heap
# Possible solutions:
#   Reduce memory load on the system
#   Increase physical memory or swap space
#   Check if swap backing store is full
#   Decrease Java heap size (-Xmx/-Xms)
#   Decrease number of Java threads
#   Decrease Java thread stack sizes (-Xss)
#   Set larger code cache with -XX:ReservedCodeCacheSize=
#   JVM is running with Zero Based Compressed Oops mode in which the Java heap is
#     placed in the first 32GB address space. The Java Heap base address is the
#     maximum limit for the native heap growth. Please use -XX:HeapBaseMinAddress
#     to set the Java Heap base and to place the Java Heap above 32GB virtual address.
# This output file may be truncated or incomplete.
#
#  Out of Memory Error (allocation.cpp:44), pid=3864, tid=26296
#
# JRE version: OpenJDK Runtime Environment Temurin-21.0.8+9 (21.0.8+9) (build 21.0.8+9-LTS)
# Java VM: OpenJDK 64-Bit Server VM Temurin-21.0.8+9 (21.0.8+9-LTS, mixed mode, sharing, tiered, compressed oops, compressed class ptrs, parallel gc, windows-amd64)
# No core dump will be written. Minidumps are not enabled by default on client versions of Windows
#

---------------  S U M M A R Y ------------

Command Line: --add-modules=ALL-SYSTEM --add-opens=java.base/java.util=ALL-UNNAMED --add-opens=java.base/java.lang=ALL-UNNAMED --add-opens=java.base/sun.nio.fs=ALL-UNNAMED -Declipse.application=org.eclipse.jdt.ls.core.id1 -Dosgi.bundles.defaultStartLevel=4 -Declipse.product=org.eclipse.jdt.ls.core.product -Djava.import.generatesMetadataFilesAtProjectRoot=false -DDetectVMInstallationsJob.disabled=true -Dfile.encoding=utf8 -XX:+UseParallelGC -XX:GCTimeRatio=4 -XX:AdaptiveSizePolicyWeight=90 -Dsun.zip.disableMemoryMapping=true -Xmx4G -Xms100m -Xlog:disable -javaagent:c:\Users\jlesc\.cursor\extensions\redhat.java-1.46.0-win32-x64\lombok\lombok-1.18.39-4050.jar -XX:+HeapDumpOnOutOfMemoryError -XX:HeapDumpPath=c:\Users\jlesc\AppData\Roaming\Cursor\User\workspaceStorage\daf79fc009b035c0b4011d658dfa5639\redhat.java -Daether.dependencyCollector.impl=bf c:\Users\jlesc\.cursor\extensions\redhat.java-1.46.0-win32-x64\server\plugins\org.eclipse.equinox.launcher_1.7.0.v20250519-0528.jar -configuration c:\Users\jlesc\AppData\Roaming\Cursor\User\globalStorage\redhat.java\1.46.0\config_win -data c:\Users\jlesc\AppData\Roaming\Cursor\User\workspaceStorage\daf79fc009b035c0b4011d658dfa5639\redhat.java\jdt_ws --pipe=\\.\pipe\lsp-82ef735131922a71e259152fd5044e28-sock

Host: 11th Gen Intel(R) Core(TM) i5-1135G7 @ 2.40GHz, 8 cores, 15G,  Windows 11 , 64 bit Build 26100 (10.0.26100.6725)
Time: Fri Oct 31 06:08:01 2025 Malay Peninsula Standard Time elapsed time: 10593.346697 seconds (0d 2h 56m 33s)

---------------  T H R E A D  ---------------

Current thread (0x000001f128695540):  JavaThread "Attach Listener" daemon [_thread_in_vm, id=26296, stack(0x000000a494700000,0x000000a494800000) (1024K)]

Stack: [0x000000a494700000,0x000000a494800000]
Native frames: (J=compiled Java code, j=interpreted, Vv=VM code, C=native code)
V  [jvm.dll+0x6d2449]
V  [jvm.dll+0x8ae341]
V  [jvm.dll+0x8b08be]
V  [jvm.dll+0x8b0fa3]
V  [jvm.dll+0x280c96]
V  [jvm.dll+0xc0347]
V  [jvm.dll+0x6d2cf9]
V  [jvm.dll+0x131116]
V  [jvm.dll+0x3f2d16]
V  [jvm.dll+0x857e6b]
V  [jvm.dll+0x6d0b0d]
C  [ucrtbase.dll+0x37b0]
C  [KERNEL32.DLL+0x2e8d7]
C  [ntdll.dll+0x8c53c]


---------------  P R O C E S S  ---------------

Threads class SMR info:
_java_thread_list=0x000001f1718122f0, length=34, elements={
0x000001f10d2d16e0, 0x000001f10d37e890, 0x000001f12868c470, 0x000001f128691320,
0x000001f128695540, 0x000001f1286974f0, 0x000001f128698ff0, 0x000001f1286aaf00,
0x000001f16b118120, 0x000001f16b1f89e0, 0x000001f16b1f6fa0, 0x000001f16b1f9700,
0x000001f16b1f9070, 0x000001f16b1f7cc0, 0x000001f16b1f8350, 0x000001f16b1f9d90,
0x000001f16b1fa420, 0x000001f170372ec0, 0x000001f170373550, 0x000001f170373be0,
0x000001f170371480, 0x000001f170375cb0, 0x000001f170374f90, 0x000001f170377d80,
0x000001f170374900, 0x000001f170375620, 0x000001f1703776f0, 0x000001f170377060,
0x000001f170376340, 0x000001f1703769d0, 0x000001f16ba65100, 0x000001f16ba664b0,
0x000001f16ba67860, 0x000001f17d70a130
}

Java Threads: ( => current thread )
  0x000001f10d2d16e0 JavaThread "main"                              [_thread_blocked, id=13328, stack(0x000000a494000000,0x000000a494100000) (1024K)]
  0x000001f10d37e890 JavaThread "Reference Handler"          daemon [_thread_blocked, id=16168, stack(0x000000a494400000,0x000000a494500000) (1024K)]
  0x000001f12868c470 JavaThread "Finalizer"                  daemon [_thread_blocked, id=23216, stack(0x000000a494500000,0x000000a494600000) (1024K)]
  0x000001f128691320 JavaThread "Signal Dispatcher"          daemon [_thread_blocked, id=20028, stack(0x000000a494600000,0x000000a494700000) (1024K)]
=>0x000001f128695540 JavaThread "Attach Listener"            daemon [_thread_in_vm, id=26296, stack(0x000000a494700000,0x000000a494800000) (1024K)]
  0x000001f1286974f0 JavaThread "Service Thread"             daemon [_thread_blocked, id=5720, stack(0x000000a494800000,0x000000a494900000) (1024K)]
  0x000001f128698ff0 JavaThread "Monitor Deflation Thread"   daemon [_thread_blocked, id=19604, stack(0x000000a494900000,0x000000a494a00000) (1024K)]
  0x000001f1286aaf00 JavaThread "C2 CompilerThread0"         daemon [_thread_blocked, id=29628, stack(0x000000a494a00000,0x000000a494b00000) (1024K)]
  0x000001f16b118120 JavaThread "C1 CompilerThread0"         daemon [_thread_blocked, id=21084, stack(0x000000a494b00000,0x000000a494c00000) (1024K)]
  0x000001f16b1f89e0 JavaThread "Common-Cleaner"             daemon [_thread_blocked, id=37664, stack(0x000000a494c00000,0x000000a494d00000) (1024K)]
  0x000001f16b1f6fa0 JavaThread "Notification Thread"        daemon [_thread_blocked, id=35476, stack(0x000000a494e00000,0x000000a494f00000) (1024K)]
  0x000001f16b1f9700 JavaThread "Active Thread: Equinox Container: 0629d173-ea8b-4444-bcf8-8b9397f5498e"        [_thread_blocked, id=17200, stack(0x000000a494d00000,0x000000a494e00000) (1024K)]
  0x000001f16b1f9070 JavaThread "Refresh Thread: Equinox Container: 0629d173-ea8b-4444-bcf8-8b9397f5498e" daemon [_thread_blocked, id=35268, stack(0x000000a495500000,0x000000a495600000) (1024K)]
  0x000001f16b1f7cc0 JavaThread "Framework Event Dispatcher: Equinox Container: 0629d173-ea8b-4444-bcf8-8b9397f5498e" daemon [_thread_blocked, id=17112, stack(0x000000a495700000,0x000000a495800000) (1024K)]
  0x000001f16b1f8350 JavaThread "Start Level: Equinox Container: 0629d173-ea8b-4444-bcf8-8b9397f5498e" daemon [_thread_blocked, id=2440, stack(0x000000a495800000,0x000000a495900000) (1024K)]
  0x000001f16b1f9d90 JavaThread "Bundle File Closer"         daemon [_thread_blocked, id=18792, stack(0x000000a495900000,0x000000a495a00000) (1024K)]
  0x000001f16b1fa420 JavaThread "SCR Component Actor"        daemon [_thread_blocked, id=19836, stack(0x000000a493e00000,0x000000a493f00000) (1024K)]
  0x000001f170372ec0 JavaThread "Worker-JM"                         [_thread_blocked, id=31088, stack(0x000000a495b00000,0x000000a495c00000) (1024K)]
  0x000001f170373550 JavaThread "JNA Cleaner"                daemon [_thread_blocked, id=18636, stack(0x000000a495a00000,0x000000a495b00000) (1024K)]
  0x000001f170373be0 JavaThread "Worker-1"                          [_thread_blocked, id=37236, stack(0x000000a495d00000,0x000000a495e00000) (1024K)]
  0x000001f170371480 JavaThread "Java indexing"              daemon [_thread_blocked, id=39120, stack(0x000000a493f00000,0x000000a494000000) (1024K)]
  0x000001f170375cb0 JavaThread "Thread-1"                   daemon [_thread_in_native, id=19024, stack(0x000000a496500000,0x000000a496600000) (1024K)]
  0x000001f170374f90 JavaThread "Thread-2"                   daemon [_thread_in_native, id=26160, stack(0x000000a496600000,0x000000a496700000) (1024K)]
  0x000001f170377d80 JavaThread "Thread-3"                   daemon [_thread_in_native, id=32416, stack(0x000000a496700000,0x000000a496800000) (1024K)]
  0x000001f170374900 JavaThread "Thread-4"                   daemon [_thread_in_native, id=5624, stack(0x000000a496800000,0x000000a496900000) (1024K)]
  0x000001f170375620 JavaThread "Thread-5"                   daemon [_thread_in_native, id=34516, stack(0x000000a496900000,0x000000a496a00000) (1024K)]
  0x000001f1703776f0 JavaThread "Thread-6"                   daemon [_thread_in_native, id=11716, stack(0x000000a496a00000,0x000000a496b00000) (1024K)]
  0x000001f170377060 JavaThread "Thread-7"                   daemon [_thread_in_native, id=41860, stack(0x000000a496b00000,0x000000a496c00000) (1024K)]
  0x000001f170376340 JavaThread "Thread-8"                   daemon [_thread_in_native, id=19952, stack(0x000000a496c00000,0x000000a496d00000) (1024K)]
  0x000001f1703769d0 JavaThread "Thread-9"                   daemon [_thread_in_native, id=3160, stack(0x000000a496d00000,0x000000a496e00000) (1024K)]
  0x000001f16ba65100 JavaThread "pool-2-thread-1"                   [_thread_blocked, id=27968, stack(0x000000a496e00000,0x000000a496f00000) (1024K)]
  0x000001f16ba664b0 JavaThread "WorkspaceEventsHandler"            [_thread_blocked, id=8340, stack(0x000000a497600000,0x000000a497700000) (1024K)]
  0x000001f16ba67860 JavaThread "pool-1-thread-1"                   [_thread_blocked, id=25616, stack(0x000000a497700000,0x000000a497800000) (1024K)]
  0x000001f17d70a130 JavaThread "Worker-9"                          [_thread_blocked, id=12324, stack(0x000000a496000000,0x000000a496100000) (1024K)]
Total: 34

Other Threads:
  0x000001f10d366a20 VMThread "VM Thread"                           [id=28616, stack(0x000000a494300000,0x000000a494400000) (1024K)]
  0x000001f10d335af0 WatcherThread "VM Periodic Task Thread"        [id=26412, stack(0x000000a494200000,0x000000a494300000) (1024K)]
  0x000001f10d2e8c60 WorkerThread "GC Thread#0"                     [id=26212, stack(0x000000a494100000,0x000000a494200000) (1024K)]
  0x000001f16b483d80 WorkerThread "GC Thread#1"                     [id=38512, stack(0x000000a494f00000,0x000000a495000000) (1024K)]
  0x000001f16ba107e0 WorkerThread "GC Thread#2"                     [id=27356, stack(0x000000a495000000,0x000000a495100000) (1024K)]
  0x000001f16b484120 WorkerThread "GC Thread#3"                     [id=32668, stack(0x000000a495100000,0x000000a495200000) (1024K)]
  0x000001f16b4844c0 WorkerThread "GC Thread#4"                     [id=26676, stack(0x000000a495200000,0x000000a495300000) (1024K)]
  0x000001f16b484860 WorkerThread "GC Thread#5"                     [id=29208, stack(0x000000a495300000,0x000000a495400000) (1024K)]
  0x000001f16b9b4490 WorkerThread "GC Thread#6"                     [id=39872, stack(0x000000a495400000,0x000000a495500000) (1024K)]
  0x000001f16bc0c2f0 WorkerThread "GC Thread#7"                     [id=26488, stack(0x000000a495600000,0x000000a495700000) (1024K)]
Total: 10

Threads with active compile tasks:
Total: 0

VM state: not at safepoint (normal execution)

VM Mutex/Monitor currently owned by a thread: None

Heap address: 0x0000000700000000, size: 4096 MB, Compressed Oops mode: Zero based, Oop shift amount: 3

CDS archive(s) mapped at: [0x000001f129000000-0x000001f129ba0000-0x000001f129ba0000), size 12189696, SharedBaseAddress: 0x000001f129000000, ArchiveRelocationMode: 1.
Compressed class space mapped at: 0x000001f12a000000-0x000001f16a000000, reserved size: 1073741824
Narrow klass base: 0x000001f129000000, Narrow klass shift: 0, Narrow klass range: 0x100000000

GC Precious Log:
 CardTable entry size: 512
 CPUs: 8 total, 8 available
 Memory: 16183M
 Large Page Support: Disabled
 NUMA Support: Disabled
 Compressed Oops: Enabled (Zero based)
 Alignments: Space 512K, Generation 512K, Heap 2M
 Heap Min Capacity: 100M
 Heap Initial Capacity: 100M
 Heap Max Capacity: 4G
 Pre-touch: Disabled
 Parallel Workers: 8

Heap:
 PSYoungGen      total 3072K, used 2164K [0x00000007aab00000, 0x00000007ab000000, 0x0000000800000000)
  eden space 1024K, 52% used [0x00000007aab00000,0x00000007aab85320,0x00000007aac00000)
  from space 2048K, 79% used [0x00000007aae00000,0x00000007aaf98060,0x00000007ab000000)
  to   space 2048K, 0% used [0x00000007aac00000,0x00000007aac00000,0x00000007aae00000)
 ParOldGen       total 243712K, used 242821K [0x0000000700000000, 0x000000070ee00000, 0x00000007aab00000)
  object space 243712K, 99% used [0x0000000700000000,0x000000070ed21408,0x000000070ee00000)
 Metaspace       used 71873K, committed 73536K, reserved 1179648K
  class space    used 7284K, committed 8064K, reserved 1048576K

Card table byte_map: [0x000001f11f4b0000,0x000001f11fcc0000] _byte_map_base: 0x000001f11bcb0000

Marking Bits: (ParMarkBitMap*) 0x00007fffba2fa340
 Begin Bits: [0x000001f11fcc0000, 0x000001f123cc0000)
 End Bits:   [0x000001f123cc0000, 0x000001f127cc0000)

Polling page: 0x000001f10c8b0000

Metaspace:

Usage:
  Non-class:     63.07 MB used.
      Class:      7.11 MB used.
       Both:     70.19 MB used.

Virtual space:
  Non-class space:      128.00 MB reserved,      63.94 MB ( 50%) committed,  2 nodes.
      Class space:        1.00 GB reserved,       7.88 MB ( <1%) committed,  1 nodes.
             Both:        1.12 GB reserved,      71.81 MB (  6%) committed. 

Chunk freelists:
   Non-Class:  15.70 MB
       Class:  8.01 MB
        Both:  23.71 MB

MaxMetaspaceSize: unlimited
CompressedClassSpaceSize: 1.00 GB
Initial GC threshold: 21.00 MB
Current GC threshold: 119.38 MB
CDS: on
 - commit_granule_bytes: 65536.
 - commit_granule_words: 8192.
 - virtual_space_node_default_size: 8388608.
 - enlarge_chunks_in_place: 1.
 - use_allocation_guard: 0.


Internal statistics:

num_allocs_failed_limit: 9.
num_arena_births: 1428.
num_arena_deaths: 24.
num_vsnodes_births: 3.
num_vsnodes_deaths: 0.
num_space_committed: 1149.
num_space_uncommitted: 0.
num_chunks_returned_to_freelist: 37.
num_chunks_taken_from_freelist: 5024.
num_chunk_merges: 14.
num_chunk_splits: 2987.
num_chunks_enlarged: 1580.
num_inconsistent_stats: 0.

CodeHeap 'non-profiled nmethods': size=120000Kb used=11588Kb max_used=14168Kb free=108411Kb
 bounds [0x000001f117f80000, 0x000001f118d60000, 0x000001f11f4b0000]
CodeHeap 'profiled nmethods': size=120000Kb used=28025Kb max_used=37858Kb free=91975Kb
 bounds [0x000001f1104b0000, 0x000001f1129b0000, 0x000001f1179e0000]
CodeHeap 'non-nmethods': size=5760Kb used=1460Kb max_used=1574Kb free=4299Kb
 bounds [0x000001f1179e0000, 0x000001f117c50000, 0x000001f117f80000]
CodeCache: size=245760Kb, used=41073Kb, max_used=53600Kb, free=204685Kb
 total_blobs=13343, nmethods=12580, adapters=666, full_count=0
Compilation: enabled, stopped_count=0, restarted_count=0

Compilation events (20 events):
Event: 9698.499 Thread 0x000001f1286aaf00 16637       4       org.eclipse.core.runtime.Path::toPortableString (158 bytes)
Event: 9698.564 Thread 0x000001f1286aaf00 nmethod 16637 0x000001f11842bb90 code [0x000001f11842bf00, 0x000001f11842da00]
Event: 9698.564 Thread 0x000001f1286aaf00 16638       4       java.io.ObjectOutputStream$HandleTable::assign (52 bytes)
Event: 9698.571 Thread 0x000001f1286aaf00 nmethod 16638 0x000001f118215510 code [0x000001f1182156e0, 0x000001f118215a00]
Event: 9698.571 Thread 0x000001f1286aaf00 16642       4       java.io.ObjectStreamClass::getClassDataLayout (20 bytes)
Event: 9698.573 Thread 0x000001f1286aaf00 nmethod 16642 0x000001f1180ab910 code [0x000001f1180abaa0, 0x000001f1180abb90]
Event: 9698.590 Thread 0x000001f16b118120 16649       3       org.eclipse.core.runtime.jobs.Job::setThread (6 bytes)
Event: 9698.590 Thread 0x000001f16b118120 nmethod 16649 0x000001f1106bcf90 code [0x000001f1106bd120, 0x000001f1106bd268]
Event: 9698.601 Thread 0x000001f1286aaf00 16650       4       org.eclipse.core.internal.resources.MarkerManager$$Lambda/0x000001f12a57ca20::visitElement (23 bytes)
Event: 9698.604 Thread 0x000001f16b118120 16651       3       org.eclipse.core.internal.events.NotificationManager::requestNotify (57 bytes)
Event: 9698.605 Thread 0x000001f16b118120 nmethod 16651 0x000001f110b58410 code [0x000001f110b58620, 0x000001f110b58c78]
Event: 9698.608 Thread 0x000001f1286aaf00 nmethod 16650 0x000001f118405e90 code [0x000001f118406080, 0x000001f118406328]
Event: 9698.611 Thread 0x000001f1286aaf00 16652       4       org.eclipse.jdt.internal.core.ModuleUpdater::computeModuleUpdates (389 bytes)
Event: 9698.623 Thread 0x000001f1286aaf00 nmethod 16652 0x000001f1180d4b10 code [0x000001f1180d4ce0, 0x000001f1180d52e0]
Event: 9698.651 Thread 0x000001f16b118120 16653   !   3       org.eclipse.jdt.internal.core.builder.ClasspathDirectory::cleanup (33 bytes)
Event: 9698.653 Thread 0x000001f16b118120 nmethod 16653 0x000001f110bfea90 code [0x000001f110bfec60, 0x000001f110bfef90]
Event: 10087.444 Thread 0x000001f16b118120 16654       3       java.util.concurrent.ThreadPoolExecutor$Worker::unlock (7 bytes)
Event: 10087.459 Thread 0x000001f16b118120 nmethod 16654 0x000001f110c99010 code [0x000001f110c991e0, 0x000001f110c99438]
Event: 10387.537 Thread 0x000001f16b118120 16655       3       java.util.concurrent.ThreadPoolExecutor$Worker::tryAcquire (20 bytes)
Event: 10387.545 Thread 0x000001f16b118120 nmethod 16655 0x000001f1108dab10 code [0x000001f1108dacc0, 0x000001f1108daed0]

GC Heap History (20 events):
Event: 9400.152 GC heap before
{Heap before GC invocations=339 (full 5):
 PSYoungGen      total 3072K, used 2929K [0x00000007aab00000, 0x00000007aaf80000, 0x0000000800000000)
  eden space 1536K, 100% used [0x00000007aab00000,0x00000007aac80000,0x00000007aac80000)
  from space 1536K, 90% used [0x00000007aae00000,0x00000007aaf5c510,0x00000007aaf80000)
  to   space 1536K, 0% used [0x00000007aac80000,0x00000007aac80000,0x00000007aae00000)
 ParOldGen       total 243712K, used 241530K [0x0000000700000000, 0x000000070ee00000, 0x00000007aab00000)
  object space 243712K, 99% used [0x0000000700000000,0x000000070ebdeac0,0x000000070ee00000)
 Metaspace       used 71822K, committed 73472K, reserved 1179648K
  class space    used 7284K, committed 8064K, reserved 1048576K
}
Event: 9400.154 GC heap after
{Heap after GC invocations=339 (full 5):
 PSYoungGen      total 3072K, used 1446K [0x00000007aab00000, 0x00000007ab000000, 0x0000000800000000)
  eden space 1536K, 0% used [0x00000007aab00000,0x00000007aab00000,0x00000007aac80000)
  from space 1536K, 94% used [0x00000007aac80000,0x00000007aade9918,0x00000007aae00000)
  to   space 1536K, 0% used [0x00000007aae80000,0x00000007aae80000,0x00000007ab000000)
 ParOldGen       total 243712K, used 241530K [0x0000000700000000, 0x000000070ee00000, 0x00000007aab00000)
  object space 243712K, 99% used [0x0000000700000000,0x000000070ebdeac0,0x000000070ee00000)
 Metaspace       used 71822K, committed 73472K, reserved 1179648K
  class space    used 7284K, committed 8064K, reserved 1048576K
}
Event: 9400.180 GC heap before
{Heap before GC invocations=340 (full 5):
 PSYoungGen      total 3072K, used 2982K [0x00000007aab00000, 0x00000007ab000000, 0x0000000800000000)
  eden space 1536K, 99% used [0x00000007aab00000,0x00000007aac7ffd8,0x00000007aac80000)
  from space 1536K, 94% used [0x00000007aac80000,0x00000007aade9918,0x00000007aae00000)
  to   space 1536K, 0% used [0x00000007aae80000,0x00000007aae80000,0x00000007ab000000)
 ParOldGen       total 243712K, used 241530K [0x0000000700000000, 0x000000070ee00000, 0x00000007aab00000)
  object space 243712K, 99% used [0x0000000700000000,0x000000070ebdeac0,0x000000070ee00000)
 Metaspace       used 71827K, committed 73472K, reserved 1179648K
  class space    used 7284K, committed 8064K, reserved 1048576K
}
Event: 9400.183 GC heap after
{Heap after GC invocations=340 (full 5):
 PSYoungGen      total 3072K, used 1526K [0x00000007aab00000, 0x00000007ab080000, 0x0000000800000000)
  eden space 1536K, 0% used [0x00000007aab00000,0x00000007aab00000,0x00000007aac80000)
  from space 1536K, 99% used [0x00000007aae80000,0x00000007aaffd928,0x00000007ab000000)
  to   space 2048K, 0% used [0x00000007aac80000,0x00000007aac80000,0x00000007aae80000)
 ParOldGen       total 243712K, used 241546K [0x0000000700000000, 0x000000070ee00000, 0x00000007aab00000)
  object space 243712K, 99% used [0x0000000700000000,0x000000070ebe2ac0,0x000000070ee00000)
 Metaspace       used 71827K, committed 73472K, reserved 1179648K
  class space    used 7284K, committed 8064K, reserved 1048576K
}
Event: 9400.202 GC heap before
{Heap before GC invocations=341 (full 5):
 PSYoungGen      total 3072K, used 3062K [0x00000007aab00000, 0x00000007ab080000, 0x0000000800000000)
  eden space 1536K, 100% used [0x00000007aab00000,0x00000007aac80000,0x00000007aac80000)
  from space 1536K, 99% used [0x00000007aae80000,0x00000007aaffd928,0x00000007ab000000)
  to   space 2048K, 0% used [0x00000007aac80000,0x00000007aac80000,0x00000007aae80000)
 ParOldGen       total 243712K, used 241546K [0x0000000700000000, 0x000000070ee00000, 0x00000007aab00000)
  object space 243712K, 99% used [0x0000000700000000,0x000000070ebe2ac0,0x000000070ee00000)
 Metaspace       used 71832K, committed 73472K, reserved 1179648K
  class space    used 7284K, committed 8064K, reserved 1048576K
}
Event: 9400.204 GC heap after
{Heap after GC invocations=341 (full 5):
 PSYoungGen      total 2560K, used 768K [0x00000007aab00000, 0x00000007aaf80000, 0x0000000800000000)
  eden space 1536K, 0% used [0x00000007aab00000,0x00000007aab00000,0x00000007aac80000)
  from space 1024K, 75% used [0x00000007aac80000,0x00000007aad40020,0x00000007aad80000)
  to   space 1536K, 0% used [0x00000007aae00000,0x00000007aae00000,0x00000007aaf80000)
 ParOldGen       total 243712K, used 242512K [0x0000000700000000, 0x000000070ee00000, 0x00000007aab00000)
  object space 243712K, 99% used [0x0000000700000000,0x000000070ecd43d8,0x000000070ee00000)
 Metaspace       used 71832K, committed 73472K, reserved 1179648K
  class space    used 7284K, committed 8064K, reserved 1048576K
}
Event: 9400.208 GC heap before
{Heap before GC invocations=342 (full 5):
 PSYoungGen      total 2560K, used 2304K [0x00000007aab00000, 0x00000007aaf80000, 0x0000000800000000)
  eden space 1536K, 100% used [0x00000007aab00000,0x00000007aac80000,0x00000007aac80000)
  from space 1024K, 75% used [0x00000007aac80000,0x00000007aad40020,0x00000007aad80000)
  to   space 1536K, 0% used [0x00000007aae00000,0x00000007aae00000,0x00000007aaf80000)
 ParOldGen       total 243712K, used 242512K [0x0000000700000000, 0x000000070ee00000, 0x00000007aab00000)
  object space 243712K, 99% used [0x0000000700000000,0x000000070ecd43d8,0x000000070ee00000)
 Metaspace       used 71832K, committed 73472K, reserved 1179648K
  class space    used 7284K, committed 8064K, reserved 1048576K
}
Event: 9400.209 GC heap after
{Heap after GC invocations=342 (full 5):
 PSYoungGen      total 2560K, used 832K [0x00000007aab00000, 0x00000007aaf00000, 0x0000000800000000)
  eden space 1536K, 0% used [0x00000007aab00000,0x00000007aab00000,0x00000007aac80000)
  from space 1024K, 81% used [0x00000007aae00000,0x00000007aaed0020,0x00000007aaf00000)
  to   space 1024K, 0% used [0x00000007aac80000,0x00000007aac80000,0x00000007aad80000)
 ParOldGen       total 243712K, used 242512K [0x0000000700000000, 0x000000070ee00000, 0x00000007aab00000)
  object space 243712K, 99% used [0x0000000700000000,0x000000070ecd43d8,0x000000070ee00000)
 Metaspace       used 71832K, committed 73472K, reserved 1179648K
  class space    used 7284K, committed 8064K, reserved 1048576K
}
Event: 9400.221 GC heap before
{Heap before GC invocations=343 (full 5):
 PSYoungGen      total 2560K, used 2362K [0x00000007aab00000, 0x00000007aaf00000, 0x0000000800000000)
  eden space 1536K, 99% used [0x00000007aab00000,0x00000007aac7eba8,0x00000007aac80000)
  from space 1024K, 81% used [0x00000007aae00000,0x00000007aaed0020,0x00000007aaf00000)
  to   space 1024K, 0% used [0x00000007aac80000,0x00000007aac80000,0x00000007aad80000)
 ParOldGen       total 243712K, used 242512K [0x0000000700000000, 0x000000070ee00000, 0x00000007aab00000)
  object space 243712K, 99% used [0x0000000700000000,0x000000070ecd43d8,0x000000070ee00000)
 Metaspace       used 71843K, committed 73472K, reserved 1179648K
  class space    used 7284K, committed 8064K, reserved 1048576K
}
Event: 9400.222 GC heap after
{Heap after GC invocations=343 (full 5):
 PSYoungGen      total 2560K, used 1008K [0x00000007aab00000, 0x00000007aaf80000, 0x0000000800000000)
  eden space 1536K, 0% used [0x00000007aab00000,0x00000007aab00000,0x00000007aac80000)
  from space 1024K, 98% used [0x00000007aac80000,0x00000007aad7c030,0x00000007aad80000)
  to   space 1536K, 0% used [0x00000007aae00000,0x00000007aae00000,0x00000007aaf80000)
 ParOldGen       total 243712K, used 242536K [0x0000000700000000, 0x000000070ee00000, 0x00000007aab00000)
  object space 243712K, 99% used [0x0000000700000000,0x000000070ecda3d8,0x000000070ee00000)
 Metaspace       used 71843K, committed 73472K, reserved 1179648K
  class space    used 7284K, committed 8064K, reserved 1048576K
}
Event: 9400.230 GC heap before
{Heap before GC invocations=344 (full 5):
 PSYoungGen      total 2560K, used 2544K [0x00000007aab00000, 0x00000007aaf80000, 0x0000000800000000)
  eden space 1536K, 100% used [0x00000007aab00000,0x00000007aac80000,0x00000007aac80000)
  from space 1024K, 98% used [0x00000007aac80000,0x00000007aad7c030,0x00000007aad80000)
  to   space 1536K, 0% used [0x00000007aae00000,0x00000007aae00000,0x00000007aaf80000)
 ParOldGen       total 243712K, used 242536K [0x0000000700000000, 0x000000070ee00000, 0x00000007aab00000)
  object space 243712K, 99% used [0x0000000700000000,0x000000070ecda3d8,0x000000070ee00000)
 Metaspace       used 71843K, committed 73472K, reserved 1179648K
  class space    used 7284K, committed 8064K, reserved 1048576K
}
Event: 9400.232 GC heap after
{Heap after GC invocations=344 (full 5):
 PSYoungGen      total 3072K, used 1088K [0x00000007aab00000, 0x00000007aaf80000, 0x0000000800000000)
  eden space 1536K, 0% used [0x00000007aab00000,0x00000007aab00000,0x00000007aac80000)
  from space 1536K, 70% used [0x00000007aae00000,0x00000007aaf10020,0x00000007aaf80000)
  to   space 1536K, 0% used [0x00000007aac80000,0x00000007aac80000,0x00000007aae00000)
 ParOldGen       total 243712K, used 242676K [0x0000000700000000, 0x000000070ee00000, 0x00000007aab00000)
  object space 243712K, 99% used [0x0000000700000000,0x000000070ecfd3e8,0x000000070ee00000)
 Metaspace       used 71843K, committed 73472K, reserved 1179648K
  class space    used 7284K, committed 8064K, reserved 1048576K
}
Event: 9400.454 GC heap before
{Heap before GC invocations=345 (full 5):
 PSYoungGen      total 3072K, used 2624K [0x00000007aab00000, 0x00000007aaf80000, 0x0000000800000000)
  eden space 1536K, 100% used [0x00000007aab00000,0x00000007aac80000,0x00000007aac80000)
  from space 1536K, 70% used [0x00000007aae00000,0x00000007aaf10020,0x00000007aaf80000)
  to   space 1536K, 0% used [0x00000007aac80000,0x00000007aac80000,0x00000007aae00000)
 ParOldGen       total 243712K, used 242676K [0x0000000700000000, 0x000000070ee00000, 0x00000007aab00000)
  object space 243712K, 99% used [0x0000000700000000,0x000000070ecfd3e8,0x000000070ee00000)
 Metaspace       used 71845K, committed 73472K, reserved 1179648K
  class space    used 7284K, committed 8064K, reserved 1048576K
}
Event: 9400.457 GC heap after
{Heap after GC invocations=345 (full 5):
 PSYoungGen      total 3072K, used 1312K [0x00000007aab00000, 0x00000007aaf80000, 0x0000000800000000)
  eden space 1536K, 0% used [0x00000007aab00000,0x00000007aab00000,0x00000007aac80000)
  from space 1536K, 85% used [0x00000007aac80000,0x00000007aadc8040,0x00000007aae00000)
  to   space 1536K, 0% used [0x00000007aae00000,0x00000007aae00000,0x00000007aaf80000)
 ParOldGen       total 243712K, used 242676K [0x0000000700000000, 0x000000070ee00000, 0x00000007aab00000)
  object space 243712K, 99% used [0x0000000700000000,0x000000070ecfd3e8,0x000000070ee00000)
 Metaspace       used 71845K, committed 73472K, reserved 1179648K
  class space    used 7284K, committed 8064K, reserved 1048576K
}
Event: 9400.506 GC heap before
{Heap before GC invocations=346 (full 5):
 PSYoungGen      total 3072K, used 2848K [0x00000007aab00000, 0x00000007aaf80000, 0x0000000800000000)
  eden space 1536K, 100% used [0x00000007aab00000,0x00000007aac80000,0x00000007aac80000)
  from space 1536K, 85% used [0x00000007aac80000,0x00000007aadc8040,0x00000007aae00000)
  to   space 1536K, 0% used [0x00000007aae00000,0x00000007aae00000,0x00000007aaf80000)
 ParOldGen       total 243712K, used 242676K [0x0000000700000000, 0x000000070ee00000, 0x00000007aab00000)
  object space 243712K, 99% used [0x0000000700000000,0x000000070ecfd3e8,0x000000070ee00000)
 Metaspace       used 71849K, committed 73472K, reserved 1179648K
  class space    used 7284K, committed 8064K, reserved 1048576K
}
Event: 9400.508 GC heap after
{Heap after GC invocations=346 (full 5):
 PSYoungGen      total 2560K, used 1520K [0x00000007aab00000, 0x00000007ab080000, 0x0000000800000000)
  eden space 1024K, 0% used [0x00000007aab00000,0x00000007aab00000,0x00000007aac00000)
  from space 1536K, 98% used [0x00000007aae00000,0x00000007aaf7c050,0x00000007aaf80000)
  to   space 2048K, 0% used [0x00000007aac00000,0x00000007aac00000,0x00000007aae00000)
 ParOldGen       total 243712K, used 242728K [0x0000000700000000, 0x000000070ee00000, 0x00000007aab00000)
  object space 243712K, 99% used [0x0000000700000000,0x000000070ed0a3f8,0x000000070ee00000)
 Metaspace       used 71849K, committed 73472K, reserved 1179648K
  class space    used 7284K, committed 8064K, reserved 1048576K
}
Event: 9698.595 GC heap before
{Heap before GC invocations=347 (full 5):
 PSYoungGen      total 2560K, used 2544K [0x00000007aab00000, 0x00000007ab080000, 0x0000000800000000)
  eden space 1024K, 100% used [0x00000007aab00000,0x00000007aac00000,0x00000007aac00000)
  from space 1536K, 98% used [0x00000007aae00000,0x00000007aaf7c050,0x00000007aaf80000)
  to   space 2048K, 0% used [0x00000007aac00000,0x00000007aac00000,0x00000007aae00000)
 ParOldGen       total 243712K, used 242728K [0x0000000700000000, 0x000000070ee00000, 0x00000007aab00000)
  object space 243712K, 99% used [0x0000000700000000,0x000000070ed0a3f8,0x000000070ee00000)
 Metaspace       used 71872K, committed 73536K, reserved 1179648K
  class space    used 7284K, committed 8064K, reserved 1048576K
}
Event: 9698.598 GC heap after
{Heap after GC invocations=347 (full 5):
 PSYoungGen      total 3072K, used 1520K [0x00000007aab00000, 0x00000007ab000000, 0x0000000800000000)
  eden space 1024K, 0% used [0x00000007aab00000,0x00000007aab00000,0x00000007aac00000)
  from space 2048K, 74% used [0x00000007aac00000,0x00000007aad7c050,0x00000007aae00000)
  to   space 2048K, 0% used [0x00000007aae00000,0x00000007aae00000,0x00000007ab000000)
 ParOldGen       total 243712K, used 242821K [0x0000000700000000, 0x000000070ee00000, 0x00000007aab00000)
  object space 243712K, 99% used [0x0000000700000000,0x000000070ed21408,0x000000070ee00000)
 Metaspace       used 71872K, committed 73536K, reserved 1179648K
  class space    used 7284K, committed 8064K, reserved 1048576K
}
Event: 9698.644 GC heap before
{Heap before GC invocations=348 (full 5):
 PSYoungGen      total 3072K, used 2531K [0x00000007aab00000, 0x00000007ab000000, 0x0000000800000000)
  eden space 1024K, 98% used [0x00000007aab00000,0x00000007aabfcea0,0x00000007aac00000)
  from space 2048K, 74% used [0x00000007aac00000,0x00000007aad7c050,0x00000007aae00000)
  to   space 2048K, 0% used [0x00000007aae00000,0x00000007aae00000,0x00000007ab000000)
 ParOldGen       total 243712K, used 242821K [0x0000000700000000, 0x000000070ee00000, 0x00000007aab00000)
  object space 243712K, 99% used [0x0000000700000000,0x000000070ed21408,0x000000070ee00000)
 Metaspace       used 71872K, committed 73536K, reserved 1179648K
  class space    used 7284K, committed 8064K, reserved 1048576K
}
Event: 9698.646 GC heap after
{Heap after GC invocations=348 (full 5):
 PSYoungGen      total 3072K, used 1632K [0x00000007aab00000, 0x00000007ab000000, 0x0000000800000000)
  eden space 1024K, 0% used [0x00000007aab00000,0x00000007aab00000,0x00000007aac00000)
  from space 2048K, 79% used [0x00000007aae00000,0x00000007aaf98060,0x00000007ab000000)
  to   space 2048K, 0% used [0x00000007aac00000,0x00000007aac00000,0x00000007aae00000)
 ParOldGen       total 243712K, used 242821K [0x0000000700000000, 0x000000070ee00000, 0x00000007aab00000)
  object space 243712K, 99% used [0x0000000700000000,0x000000070ed21408,0x000000070ee00000)
 Metaspace       used 71872K, committed 73536K, reserved 1179648K
  class space    used 7284K, committed 8064K, reserved 1048576K
}

Dll operation events (10 events):
Event: 0.037 Loaded shared library c:\Users\jlesc\.cursor\extensions\redhat.java-1.46.0-win32-x64\jre\21.0.8-win32-x86_64\bin\java.dll
Event: 0.215 Loaded shared library c:\Users\jlesc\.cursor\extensions\redhat.java-1.46.0-win32-x64\jre\21.0.8-win32-x86_64\bin\zip.dll
Event: 0.269 Loaded shared library C:\Users\jlesc\.cursor\extensions\redhat.java-1.46.0-win32-x64\jre\21.0.8-win32-x86_64\bin\instrument.dll
Event: 0.287 Loaded shared library C:\Users\jlesc\.cursor\extensions\redhat.java-1.46.0-win32-x64\jre\21.0.8-win32-x86_64\bin\net.dll
Event: 0.297 Loaded shared library C:\Users\jlesc\.cursor\extensions\redhat.java-1.46.0-win32-x64\jre\21.0.8-win32-x86_64\bin\nio.dll
Event: 0.302 Loaded shared library C:\Users\jlesc\.cursor\extensions\redhat.java-1.46.0-win32-x64\jre\21.0.8-win32-x86_64\bin\zip.dll
Event: 0.348 Loaded shared library C:\Users\jlesc\.cursor\extensions\redhat.java-1.46.0-win32-x64\jre\21.0.8-win32-x86_64\bin\jimage.dll
Event: 0.535 Loaded shared library c:\Users\jlesc\.cursor\extensions\redhat.java-1.46.0-win32-x64\jre\21.0.8-win32-x86_64\bin\verify.dll
Event: 22.480 Loaded shared library C:\Users\jlesc\AppData\Roaming\Cursor\User\globalStorage\redhat.java\1.46.0\config_win\org.eclipse.equinox.launcher\org.eclipse.equinox.launcher.win32.win32.x86_64_1.2.1400.v20250801-0854\eclipse_11916.dll
Event: 52.159 Loaded shared library C:\Users\jlesc\AppData\Local\Temp\jna-101211379\jna18254648303631409682.dll

Deoptimization events (20 events):
Event: 9398.949 Thread 0x000001f17d70a7c0 DEOPT PACKING pc=0x000001f1185fcfac sp=0x000000a4964fdd10
Event: 9398.949 Thread 0x000001f17d70a7c0 DEOPT UNPACKING pc=0x000001f117a36da2 sp=0x000000a4964fdc40 mode 2
Event: 9399.902 Thread 0x000001f17d70a7c0 Uncommon trap: trap_request=0xffffff6e fr.pc=0x000001f11812fc58 relative=0x0000000000000f98
Event: 9399.903 Thread 0x000001f17d70a7c0 Uncommon trap: reason=loop_limit_check action=maybe_recompile pc=0x000001f11812fc58 method=org.codehaus.plexus.util.SelectorUtils.match([C[CZ)Z @ 498 c2
Event: 9399.903 Thread 0x000001f17d70a7c0 DEOPT PACKING pc=0x000001f11812fc58 sp=0x000000a4964fd5b0
Event: 9399.903 Thread 0x000001f17d70a7c0 DEOPT UNPACKING pc=0x000001f117a36da2 sp=0x000000a4964fd550 mode 2
Event: 9400.103 Thread 0x000001f17d70a7c0 Uncommon trap: trap_request=0xffffff45 fr.pc=0x000001f118cf19d0 relative=0x00000000000006f0
Event: 9400.103 Thread 0x000001f17d70a7c0 Uncommon trap: reason=unstable_if action=reinterpret pc=0x000001f118cf19d0 method=java.util.concurrent.ConcurrentHashMap.replaceNode(Ljava/lang/Object;Ljava/lang/Object;Ljava/lang/Object;)Ljava/lang/Object; @ 167 c2
Event: 9400.103 Thread 0x000001f17d70a7c0 DEOPT PACKING pc=0x000001f118cf19d0 sp=0x000000a4964fd160
Event: 9400.103 Thread 0x000001f17d70a7c0 DEOPT UNPACKING pc=0x000001f117a36da2 sp=0x000000a4964fd0d8 mode 2
Event: 9400.103 Thread 0x000001f17d70a7c0 Uncommon trap: trap_request=0xffffff45 fr.pc=0x000001f118445ca0 relative=0x0000000000000c60
Event: 9400.103 Thread 0x000001f17d70a7c0 Uncommon trap: reason=unstable_if action=reinterpret pc=0x000001f118445ca0 method=java.util.concurrent.ConcurrentHashMap.remove(Ljava/lang/Object;Ljava/lang/Object;)Z @ 23 c2
Event: 9400.103 Thread 0x000001f17d70a7c0 DEOPT PACKING pc=0x000001f118445ca0 sp=0x000000a4964fd210
Event: 9400.103 Thread 0x000001f17d70a7c0 DEOPT UNPACKING pc=0x000001f117a36da2 sp=0x000000a4964fd0d8 mode 2
Event: 9400.219 Thread 0x000001f170371480 DEOPT PACKING pc=0x000001f1118c2289 sp=0x000000a493ffe7b0
Event: 9400.219 Thread 0x000001f170371480 DEOPT UNPACKING pc=0x000001f117a378e2 sp=0x000000a493ffdd10 mode 0
Event: 9698.481 Thread 0x000001f17d70a130 Uncommon trap: trap_request=0xffffff45 fr.pc=0x000001f118b860a4 relative=0x0000000000000a04
Event: 9698.481 Thread 0x000001f17d70a130 Uncommon trap: reason=unstable_if action=reinterpret pc=0x000001f118b860a4 method=org.eclipse.core.internal.dtree.DeltaDataTree.getData(Lorg/eclipse/core/runtime/IPath;)Ljava/lang/Object; @ 56 c2
Event: 9698.481 Thread 0x000001f17d70a130 DEOPT PACKING pc=0x000001f118b860a4 sp=0x000000a4960fe960
Event: 9698.481 Thread 0x000001f17d70a130 DEOPT UNPACKING pc=0x000001f117a36da2 sp=0x000000a4960fe908 mode 2

Classes loaded (20 events):
Event: 372.005 Loading class java/util/stream/Nodes$CollectorTask done
Event: 372.005 Loading class java/util/stream/Nodes$CollectorTask$OfRef done
Event: 372.047 Loading class java/util/function/LongFunction
Event: 372.048 Loading class java/util/function/LongFunction done
Event: 372.048 Loading class java/util/stream/Nodes$ConcNode
Event: 372.049 Loading class java/util/stream/Nodes$AbstractConcNode
Event: 372.050 Loading class java/util/stream/Nodes$AbstractConcNode done
Event: 372.050 Loading class java/util/stream/Nodes$ConcNode done
Event: 372.094 Loading class java/util/stream/Nodes$ToArrayTask$OfRef
Event: 372.094 Loading class java/util/stream/Nodes$ToArrayTask
Event: 372.095 Loading class java/util/stream/Nodes$ToArrayTask done
Event: 372.095 Loading class java/util/stream/Nodes$ToArrayTask$OfRef done
Event: 665.237 Loading class jdk/internal/module/IllegalAccessLogger
Event: 665.237 Loading class jdk/internal/module/IllegalAccessLogger done
Event: 1457.832 Loading class jdk/internal/module/IllegalAccessLogger
Event: 1457.832 Loading class jdk/internal/module/IllegalAccessLogger done
Event: 1502.421 Loading class jdk/internal/module/IllegalAccessLogger
Event: 1502.421 Loading class jdk/internal/module/IllegalAccessLogger done
Event: 9399.364 Loading class jdk/internal/module/IllegalAccessLogger
Event: 9399.365 Loading class jdk/internal/module/IllegalAccessLogger done

Classes unloaded (12 events):
Event: 55.540 Thread 0x000001f10d366a20 Unloading class 0x000001f12a1ac000 'java/lang/invoke/LambdaForm$MH+0x000001f12a1ac000'
Event: 55.540 Thread 0x000001f10d366a20 Unloading class 0x000001f12a1abc00 'java/lang/invoke/LambdaForm$MH+0x000001f12a1abc00'
Event: 55.540 Thread 0x000001f10d366a20 Unloading class 0x000001f12a1ab800 'java/lang/invoke/LambdaForm$MH+0x000001f12a1ab800'
Event: 55.540 Thread 0x000001f10d366a20 Unloading class 0x000001f12a1ab400 'java/lang/invoke/LambdaForm$MH+0x000001f12a1ab400'
Event: 55.540 Thread 0x000001f10d366a20 Unloading class 0x000001f12a1ab000 'java/lang/invoke/LambdaForm$BMH+0x000001f12a1ab000'
Event: 55.540 Thread 0x000001f10d366a20 Unloading class 0x000001f12a1aac00 'java/lang/invoke/LambdaForm$DMH+0x000001f12a1aac00'
Event: 55.540 Thread 0x000001f10d366a20 Unloading class 0x000001f12a1a9800 'java/lang/invoke/LambdaForm$DMH+0x000001f12a1a9800'
Event: 1502.762 Thread 0x000001f10d366a20 Unloading class 0x000001f12a7e1000 'java/lang/invoke/LambdaForm$MH+0x000001f12a7e1000'
Event: 1502.763 Thread 0x000001f10d366a20 Unloading class 0x000001f12a7e0800 'java/lang/invoke/LambdaForm$MH+0x000001f12a7e0800'
Event: 1502.763 Thread 0x000001f10d366a20 Unloading class 0x000001f12a7e0400 'java/lang/invoke/LambdaForm$MH+0x000001f12a7e0400'
Event: 1502.763 Thread 0x000001f10d366a20 Unloading class 0x000001f12a77c800 'java/lang/invoke/LambdaForm$DMH+0x000001f12a77c800'
Event: 1502.763 Thread 0x000001f10d366a20 Unloading class 0x000001f12a77c400 'java/lang/invoke/LambdaForm$DMH+0x000001f12a77c400'

Classes redefined (0 events):
No events

Internal exceptions (20 events):
Event: 372.085 Thread 0x000001f170371b10 Exception <a 'sun/nio/fs/WindowsException'{0x00000007aac3f120}> (0x00000007aac3f120) 
thrown [s\src\hotspot\share\prims\jni.cpp, line 520]
Event: 372.087 Thread 0x000001f170371b10 Implicit null exception at 0x000001f118184a08 to 0x000001f118184db0
Event: 372.118 Thread 0x000001f170371b10 Exception <a 'java/lang/NoSuchMethodError'{0x00000007aace3ad8}: static [J.<clinit>()V> (0x00000007aace3ad8) 
thrown [s\src\hotspot\share\prims\jni.cpp, line 1111]
Event: 667.321 Thread 0x000001f170371480 Exception <a 'sun/nio/fs/WindowsException'{0x00000007aab11828}> (0x00000007aab11828) 
thrown [s\src\hotspot\share\prims\jni.cpp, line 520]
Event: 670.827 Thread 0x000001f170371480 Exception <a 'sun/nio/fs/WindowsException'{0x00000007aab348b8}> (0x00000007aab348b8) 
thrown [s\src\hotspot\share\prims\jni.cpp, line 520]
Event: 964.319 Thread 0x000001f17d70a7c0 Exception <a 'sun/nio/fs/WindowsException'{0x00000007aabd3b48}> (0x00000007aabd3b48) 
thrown [s\src\hotspot\share\prims\jni.cpp, line 520]
Event: 964.319 Thread 0x000001f17d70a7c0 Exception <a 'sun/nio/fs/WindowsException'{0x00000007aabd4698}> (0x00000007aabd4698) 
thrown [s\src\hotspot\share\prims\jni.cpp, line 520]
Event: 1456.941 Thread 0x000001f170371480 Exception <a 'sun/nio/fs/WindowsException'{0x00000007aabeefa8}> (0x00000007aabeefa8) 
thrown [s\src\hotspot\share\prims\jni.cpp, line 520]
Event: 1459.776 Thread 0x000001f170371480 Exception <a 'sun/nio/fs/WindowsException'{0x00000007aab03bd0}> (0x00000007aab03bd0) 
thrown [s\src\hotspot\share\prims\jni.cpp, line 520]
Event: 1465.275 Thread 0x000001f170371480 Implicit null exception at 0x000001f118861d7c to 0x000001f1188622e8
Event: 1465.276 Thread 0x000001f170371480 Implicit null exception at 0x000001f11883075b to 0x000001f118830c20
Event: 1502.613 Thread 0x000001f170371480 Exception <a 'sun/nio/fs/WindowsException'{0x00000007aabb6f20}> (0x00000007aabb6f20) 
thrown [s\src\hotspot\share\prims\jni.cpp, line 520]
Event: 1504.778 Thread 0x000001f170371480 Exception <a 'sun/nio/fs/WindowsException'{0x00000007aabd88f0}> (0x00000007aabd88f0) 
thrown [s\src\hotspot\share\prims\jni.cpp, line 520]
Event: 1756.890 Thread 0x000001f170373be0 Exception <a 'sun/nio/fs/WindowsException'{0x00000007aaf40e98}> (0x00000007aaf40e98) 
thrown [s\src\hotspot\share\prims\jni.cpp, line 520]
Event: 1756.891 Thread 0x000001f170373be0 Exception <a 'sun/nio/fs/WindowsException'{0x00000007aaf41778}> (0x00000007aaf41778) 
thrown [s\src\hotspot\share\prims\jni.cpp, line 520]
Event: 9398.404 Thread 0x000001f170371480 Exception <a 'sun/nio/fs/WindowsException'{0x00000007aad293b0}> (0x00000007aad293b0) 
thrown [s\src\hotspot\share\prims\jni.cpp, line 520]
Event: 9399.172 Thread 0x000001f170371480 Exception <a 'sun/nio/fs/WindowsException'{0x00000007aab8f5a0}> (0x00000007aab8f5a0) 
thrown [s\src\hotspot\share\prims\jni.cpp, line 520]
Event: 9698.440 Thread 0x000001f17d70a130 Exception <a 'sun/nio/fs/WindowsException'{0x00000007aab823a8}> (0x00000007aab823a8) 
thrown [s\src\hotspot\share\prims\jni.cpp, line 520]
Event: 9698.440 Thread 0x000001f17d70a130 Exception <a 'sun/nio/fs/WindowsException'{0x00000007aab82ef0}> (0x00000007aab82ef0) 
thrown [s\src\hotspot\share\prims\jni.cpp, line 520]
Event: 9698.481 Thread 0x000001f17d70a130 Implicit null exception at 0x000001f118b85995 to 0x000001f118b86084

ZGC Phase Switch (0 events):
No events

VM Operations (20 events):
Event: 9400.454 Executing VM operation: ParallelGCFailedAllocation (Allocation Failure)
Event: 9400.457 Executing VM operation: ParallelGCFailedAllocation (Allocation Failure) done
Event: 9400.506 Executing VM operation: ParallelGCFailedAllocation (Allocation Failure)
Event: 9400.508 Executing VM operation: ParallelGCFailedAllocation (Allocation Failure) done
Event: 9441.356 Executing VM operation: HandshakeAllThreads (HandshakeForDeflation)
Event: 9441.356 Executing VM operation: HandshakeAllThreads (HandshakeForDeflation) done
Event: 9441.356 Executing VM operation: RendezvousGCThreads
Event: 9441.356 Executing VM operation: RendezvousGCThreads done
Event: 9698.595 Executing VM operation: ParallelGCFailedAllocation (Allocation Failure)
Event: 9698.598 Executing VM operation: ParallelGCFailedAllocation (Allocation Failure) done
Event: 9698.644 Executing VM operation: ParallelGCFailedAllocation (Allocation Failure)
Event: 9698.646 Executing VM operation: ParallelGCFailedAllocation (Allocation Failure) done
Event: 9699.649 Executing VM operation: Cleanup
Event: 9699.649 Executing VM operation: Cleanup done
Event: 9742.245 Executing VM operation: HandshakeAllThreads (HandshakeForDeflation)
Event: 9742.245 Executing VM operation: HandshakeAllThreads (HandshakeForDeflation) done
Event: 9742.245 Executing VM operation: RendezvousGCThreads
Event: 9742.245 Executing VM operation: RendezvousGCThreads done
Event: 10253.075 Executing VM operation: Cleanup
Event: 10253.076 Executing VM operation: Cleanup done

Memory protections (0 events):
No events

Nmethod flushes (20 events):
Event: 1504.164 Thread 0x000001f10d366a20 flushing  nmethod 0x000001f112785690
Event: 1504.164 Thread 0x000001f10d366a20 flushing  nmethod 0x000001f1127c8590
Event: 1504.164 Thread 0x000001f10d366a20 flushing  nmethod 0x000001f1127c8b10
Event: 1504.164 Thread 0x000001f10d366a20 flushing  nmethod 0x000001f1127c9090
Event: 1504.164 Thread 0x000001f10d366a20 flushing  nmethod 0x000001f1127ca710
Event: 1504.164 Thread 0x000001f10d366a20 flushing  nmethod 0x000001f1127dee90
Event: 1504.164 Thread 0x000001f10d366a20 flushing osr nmethod 0x000001f1127ed710
Event: 1504.164 Thread 0x000001f10d366a20 flushing  nmethod 0x000001f1127ef890
Event: 1504.164 Thread 0x000001f10d366a20 flushing osr nmethod 0x000001f11280ef90
Event: 1504.164 Thread 0x000001f10d366a20 flushing osr nmethod 0x000001f112811110
Event: 1504.164 Thread 0x000001f10d366a20 flushing  nmethod 0x000001f112813110
Event: 1504.164 Thread 0x000001f10d366a20 flushing  nmethod 0x000001f112816b90
Event: 1504.164 Thread 0x000001f10d366a20 flushing  nmethod 0x000001f112825710
Event: 1504.164 Thread 0x000001f10d366a20 flushing  nmethod 0x000001f11282a790
Event: 1504.164 Thread 0x000001f10d366a20 flushing  nmethod 0x000001f112927790
Event: 1504.164 Thread 0x000001f10d366a20 flushing  nmethod 0x000001f112929110
Event: 1504.164 Thread 0x000001f10d366a20 flushing  nmethod 0x000001f112930d10
Event: 1504.164 Thread 0x000001f10d366a20 flushing  nmethod 0x000001f112938590
Event: 1504.164 Thread 0x000001f10d366a20 flushing  nmethod 0x000001f112939990
Event: 1504.164 Thread 0x000001f10d366a20 flushing  nmethod 0x000001f11293a690

Events (20 events):
Event: 1757.051 Thread 0x000001f17d70a7c0 Thread added: 0x000001f17d708060
Event: 1757.313 Thread 0x000001f17d70b4e0 Thread exited: 0x000001f17d70b4e0
Event: 1802.355 Thread 0x000001f17d709aa0 Thread exited: 0x000001f17d709aa0
Event: 1817.058 Thread 0x000001f17d708060 Thread exited: 0x000001f17d708060
Event: 9398.860 Thread 0x000001f17d70a7c0 Thread added: 0x000001f17d70b4e0
Event: 9399.180 Thread 0x000001f170373be0 Thread added: 0x000001f17d709410
Event: 9399.335 Thread 0x000001f16b118120 Thread added: 0x000001f171f118b0
Event: 9399.375 Thread 0x000001f17d70a7c0 Thread added: 0x000001f17d709aa0
Event: 9400.127 Thread 0x000001f17d709410 Thread added: 0x000001f17d70a130
Event: 9405.546 Thread 0x000001f171f118b0 Thread exited: 0x000001f171f118b0
Event: 9459.533 Thread 0x000001f17d709aa0 Thread exited: 0x000001f17d709aa0
Event: 9460.182 Thread 0x000001f17d709410 Thread exited: 0x000001f17d709410
Event: 9460.200 Thread 0x000001f17d70a7c0 Thread exited: 0x000001f17d70a7c0
Event: 9698.429 Thread 0x000001f17d70a130 Thread added: 0x000001f17d7086f0
Event: 9698.430 Thread 0x000001f17d7086f0 Thread exited: 0x000001f17d7086f0
Event: 9698.443 Thread 0x000001f17d70a130 Thread added: 0x000001f17d7086f0
Event: 9698.443 Thread 0x000001f17d7086f0 Thread added: 0x000001f17d709410
Event: 9698.444 Thread 0x000001f17d7086f0 Thread exited: 0x000001f17d7086f0
Event: 9698.444 Thread 0x000001f17d709410 Thread exited: 0x000001f17d709410
Event: 9698.885 Thread 0x000001f17d70b4e0 Thread exited: 0x000001f17d70b4e0


Dynamic libraries:
0x00007ff7a1370000 - 0x00007ff7a137e000 	c:\Users\jlesc\.cursor\extensions\redhat.java-1.46.0-win32-x64\jre\21.0.8-win32-x86_64\bin\java.exe
0x00007ff8abb20000 - 0x00007ff8abd88000 	C:\WINDOWS\SYSTEM32\ntdll.dll
0x00007ff8aa3a0000 - 0x00007ff8aa469000 	C:\WINDOWS\System32\KERNEL32.DLL
0x00007ff8a8ec0000 - 0x00007ff8a92b2000 	C:\WINDOWS\System32\KERNELBASE.dll
0x00007ff8a5350000 - 0x00007ff8a53ef000 	C:\WINDOWS\SYSTEM32\apphelp.dll
0x00007ff8a9570000 - 0x00007ff8a96bb000 	C:\WINDOWS\System32\ucrtbase.dll
0x00007ff8a0120000 - 0x00007ff8a013e000 	c:\Users\jlesc\.cursor\extensions\redhat.java-1.46.0-win32-x64\jre\21.0.8-win32-x86_64\bin\VCRUNTIME140.dll
0x00007ff8a3460000 - 0x00007ff8a3478000 	c:\Users\jlesc\.cursor\extensions\redhat.java-1.46.0-win32-x64\jre\21.0.8-win32-x86_64\bin\jli.dll
0x00007ff8a99b0000 - 0x00007ff8a9b75000 	C:\WINDOWS\System32\USER32.dll
0x00007ff890690000 - 0x00007ff890923000 	C:\WINDOWS\WinSxS\amd64_microsoft.windows.common-controls_6595b64144ccf1df_6.0.26100.6899_none_3e0efeeae32e88c1\COMCTL32.dll
0x00007ff8a98c0000 - 0x00007ff8a98e7000 	C:\WINDOWS\System32\win32u.dll
0x00007ff8ab910000 - 0x00007ff8ab93b000 	C:\WINDOWS\System32\GDI32.dll
0x00007ff8aa2f0000 - 0x00007ff8aa399000 	C:\WINDOWS\System32\msvcrt.dll
0x00007ff8a9440000 - 0x00007ff8a956d000 	C:\WINDOWS\System32\gdi32full.dll
0x00007ff8a8cb0000 - 0x00007ff8a8d53000 	C:\WINDOWS\System32\msvcp_win.dll
0x00007ff8abaa0000 - 0x00007ff8abacf000 	C:\WINDOWS\System32\IMM32.DLL
0x00007ff8a5250000 - 0x00007ff8a525c000 	c:\Users\jlesc\.cursor\extensions\redhat.java-1.46.0-win32-x64\jre\21.0.8-win32-x86_64\bin\vcruntime140_1.dll
0x00007ff86e8d0000 - 0x00007ff86e95d000 	c:\Users\jlesc\.cursor\extensions\redhat.java-1.46.0-win32-x64\jre\21.0.8-win32-x86_64\bin\msvcp140.dll
0x00007fffb9640000 - 0x00007fffba3d7000 	c:\Users\jlesc\.cursor\extensions\redhat.java-1.46.0-win32-x64\jre\21.0.8-win32-x86_64\bin\server\jvm.dll
0x00007ff8a98f0000 - 0x00007ff8a99a4000 	C:\WINDOWS\System32\ADVAPI32.dll
0x00007ff8ab940000 - 0x00007ff8ab9e6000 	C:\WINDOWS\System32\sechost.dll
0x00007ff8ab690000 - 0x00007ff8ab7a8000 	C:\WINDOWS\System32\RPCRT4.dll
0x00007ff8aa570000 - 0x00007ff8aa5e4000 	C:\WINDOWS\System32\WS2_32.dll
0x00007ff8a8b10000 - 0x00007ff8a8b6e000 	C:\WINDOWS\SYSTEM32\POWRPROF.dll
0x00007ff893390000 - 0x00007ff8933c5000 	C:\WINDOWS\SYSTEM32\WINMM.dll
0x00007ff8997b0000 - 0x00007ff8997bb000 	C:\WINDOWS\SYSTEM32\VERSION.dll
0x00007ff8a8af0000 - 0x00007ff8a8b04000 	C:\WINDOWS\SYSTEM32\UMPDC.dll
0x00007ff8a7a60000 - 0x00007ff8a7a7b000 	C:\WINDOWS\SYSTEM32\kernel.appcore.dll
0x00007ff89fdd0000 - 0x00007ff89fdda000 	c:\Users\jlesc\.cursor\extensions\redhat.java-1.46.0-win32-x64\jre\21.0.8-win32-x86_64\bin\jimage.dll
0x00007ff8a6080000 - 0x00007ff8a62c2000 	C:\WINDOWS\SYSTEM32\DBGHELP.DLL
0x00007ff8aa900000 - 0x00007ff8aac7b000 	C:\WINDOWS\System32\combase.dll
0x00007ff8ab240000 - 0x00007ff8ab317000 	C:\WINDOWS\System32\OLEAUT32.dll
0x00007ff88b2e0000 - 0x00007ff88b31c000 	C:\WINDOWS\SYSTEM32\dbgcore.DLL
0x00007ff8a8e20000 - 0x00007ff8a8eb8000 	C:\WINDOWS\System32\bcryptPrimitives.dll
0x00007ff89fdc0000 - 0x00007ff89fdcf000 	c:\Users\jlesc\.cursor\extensions\redhat.java-1.46.0-win32-x64\jre\21.0.8-win32-x86_64\bin\instrument.dll
0x00007ff899f80000 - 0x00007ff899f9f000 	c:\Users\jlesc\.cursor\extensions\redhat.java-1.46.0-win32-x64\jre\21.0.8-win32-x86_64\bin\java.dll
0x00007ff8a9ba0000 - 0x00007ff8aa2ed000 	C:\WINDOWS\System32\SHELL32.dll
0x00007ff8a9750000 - 0x00007ff8a98bb000 	C:\WINDOWS\System32\wintypes.dll
0x00007ff8a68c0000 - 0x00007ff8a711d000 	C:\WINDOWS\SYSTEM32\windows.storage.dll
0x00007ff8aa470000 - 0x00007ff8aa562000 	C:\WINDOWS\System32\SHCORE.dll
0x00007ff8aa790000 - 0x00007ff8aa7f2000 	C:\WINDOWS\System32\shlwapi.dll
0x00007ff8a8bd0000 - 0x00007ff8a8bf9000 	C:\WINDOWS\SYSTEM32\profapi.dll
0x00007ff894f10000 - 0x00007ff894f28000 	c:\Users\jlesc\.cursor\extensions\redhat.java-1.46.0-win32-x64\jre\21.0.8-win32-x86_64\bin\zip.dll
0x00007ff894f00000 - 0x00007ff894f10000 	C:\Users\jlesc\.cursor\extensions\redhat.java-1.46.0-win32-x64\jre\21.0.8-win32-x86_64\bin\net.dll
0x00007ff8a1b30000 - 0x00007ff8a1c4f000 	C:\WINDOWS\SYSTEM32\WINHTTP.dll
0x00007ff8a7ff0000 - 0x00007ff8a805b000 	C:\WINDOWS\system32\mswsock.dll
0x00007ff894ee0000 - 0x00007ff894ef6000 	C:\Users\jlesc\.cursor\extensions\redhat.java-1.46.0-win32-x64\jre\21.0.8-win32-x86_64\bin\nio.dll
0x00007ff894f30000 - 0x00007ff894f40000 	c:\Users\jlesc\.cursor\extensions\redhat.java-1.46.0-win32-x64\jre\21.0.8-win32-x86_64\bin\verify.dll
0x00007ff858940000 - 0x00007ff858984000 	C:\Users\jlesc\AppData\Roaming\Cursor\User\globalStorage\redhat.java\1.46.0\config_win\org.eclipse.equinox.launcher\org.eclipse.equinox.launcher.win32.win32.x86_64_1.2.1400.v20250801-0854\eclipse_11916.dll
0x00007ff8aa5f0000 - 0x00007ff8aa788000 	C:\WINDOWS\System32\ole32.dll
0x00007ff8a82a0000 - 0x00007ff8a82bb000 	C:\WINDOWS\SYSTEM32\CRYPTSP.dll
0x00007ff8a79b0000 - 0x00007ff8a79eb000 	C:\WINDOWS\system32\rsaenh.dll
0x00007ff8a8090000 - 0x00007ff8a80bb000 	C:\WINDOWS\SYSTEM32\USERENV.dll
0x00007ff8a8ba0000 - 0x00007ff8a8bc6000 	C:\WINDOWS\SYSTEM32\bcrypt.dll
0x00007ff8a82c0000 - 0x00007ff8a82cc000 	C:\WINDOWS\SYSTEM32\CRYPTBASE.dll
0x00007ff8a7440000 - 0x00007ff8a7474000 	C:\WINDOWS\SYSTEM32\IPHLPAPI.DLL
0x00007ff8ab350000 - 0x00007ff8ab35a000 	C:\WINDOWS\System32\NSI.dll
0x00007ff83e3e0000 - 0x00007ff83e429000 	C:\Users\jlesc\AppData\Local\Temp\jna-101211379\jna18254648303631409682.dll
0x00007ff8a9b90000 - 0x00007ff8a9b98000 	C:\WINDOWS\System32\PSAPI.DLL
0x00007ff8a1dc0000 - 0x00007ff8a1dde000 	C:\WINDOWS\SYSTEM32\dhcpcsvc6.DLL
0x00007ff8a1cc0000 - 0x00007ff8a1ce3000 	C:\WINDOWS\SYSTEM32\dhcpcsvc.DLL
0x00007ff8a7b80000 - 0x00007ff8a7bb6000 	C:\WINDOWS\SYSTEM32\ntmarta.dll

JVMTI agents:
c:\Users\jlesc\.cursor\extensions\redhat.java-1.46.0-win32-x64\lombok\lombok-1.18.39-4050.jar path:c:\Users\jlesc\.cursor\extensions\redhat.java-1.46.0-win32-x64\jre\21.0.8-win32-x86_64\bin\instrument.dll, loaded, initialized, instrumentlib options:none

dbghelp: loaded successfully - version: 4.0.5 - missing functions: none
symbol engine: initialized successfully - sym options: 0x614 - pdb path: .;c:\Users\jlesc\.cursor\extensions\redhat.java-1.46.0-win32-x64\jre\21.0.8-win32-x86_64\bin;C:\WINDOWS\SYSTEM32;C:\WINDOWS\WinSxS\amd64_microsoft.windows.common-controls_6595b64144ccf1df_6.0.26100.6899_none_3e0efeeae32e88c1;c:\Users\jlesc\.cursor\extensions\redhat.java-1.46.0-win32-x64\jre\21.0.8-win32-x86_64\bin\server;C:\Users\jlesc\AppData\Roaming\Cursor\User\globalStorage\redhat.java\1.46.0\config_win\org.eclipse.equinox.launcher\org.eclipse.equinox.launcher.win32.win32.x86_64_1.2.1400.v20250801-0854;C:\Users\jlesc\AppData\Local\Temp\jna-101211379

VM Arguments:
jvm_args: --add-modules=ALL-SYSTEM --add-opens=java.base/java.util=ALL-UNNAMED --add-opens=java.base/java.lang=ALL-UNNAMED --add-opens=java.base/sun.nio.fs=ALL-UNNAMED -Declipse.application=org.eclipse.jdt.ls.core.id1 -Dosgi.bundles.defaultStartLevel=4 -Declipse.product=org.eclipse.jdt.ls.core.product -Djava.import.generatesMetadataFilesAtProjectRoot=false -DDetectVMInstallationsJob.disabled=true -Dfile.encoding=utf8 -XX:+UseParallelGC -XX:GCTimeRatio=4 -XX:AdaptiveSizePolicyWeight=90 -Dsun.zip.disableMemoryMapping=true -Xmx4G -Xms100m -Xlog:disable -javaagent:c:\Users\jlesc\.cursor\extensions\redhat.java-1.46.0-win32-x64\lombok\lombok-1.18.39-4050.jar -XX:+HeapDumpOnOutOfMemoryError -XX:HeapDumpPath=c:\Users\jlesc\AppData\Roaming\Cursor\User\workspaceStorage\daf79fc009b035c0b4011d658dfa5639\redhat.java -Daether.dependencyCollector.impl=bf 
java_command: c:\Users\jlesc\.cursor\extensions\redhat.java-1.46.0-win32-x64\server\plugins\org.eclipse.equinox.launcher_1.7.0.v20250519-0528.jar -configuration c:\Users\jlesc\AppData\Roaming\Cursor\User\globalStorage\redhat.java\1.46.0\config_win -data c:\Users\jlesc\AppData\Roaming\Cursor\User\workspaceStorage\daf79fc009b035c0b4011d658dfa5639\redhat.java\jdt_ws --pipe=\\.\pipe\lsp-82ef735131922a71e259152fd5044e28-sock
java_class_path (initial): c:\Users\jlesc\.cursor\extensions\redhat.java-1.46.0-win32-x64\server\plugins\org.eclipse.equinox.launcher_1.7.0.v20250519-0528.jar
Launcher Type: SUN_STANDARD

[Global flags]
    uintx AdaptiveSizePolicyWeight                 = 90                                        {product} {command line}
     intx CICompilerCount                          = 4                                         {product} {ergonomic}
    uintx GCTimeRatio                              = 4                                         {product} {command line}
     bool HeapDumpOnOutOfMemoryError               = true                                   {manageable} {command line}
    ccstr HeapDumpPath                             = c:\Users\jlesc\AppData\Roaming\Cursor\User\workspaceStorage\daf79fc009b035c0b4011d658dfa5639\redhat.java         {manageable} {command line}
   size_t InitialHeapSize                          = 104857600                                 {product} {command line}
   size_t MaxHeapSize                              = 4294967296                                {product} {command line}
   size_t MaxNewSize                               = 1431306240                                {product} {ergonomic}
   size_t MinHeapDeltaBytes                        = 524288                                    {product} {ergonomic}
   size_t MinHeapSize                              = 104857600                                 {product} {command line}
   size_t NewSize                                  = 34603008                                  {product} {ergonomic}
    uintx NonNMethodCodeHeapSize                   = 5839372                                {pd product} {ergonomic}
    uintx NonProfiledCodeHeapSize                  = 122909434                              {pd product} {ergonomic}
   size_t OldSize                                  = 70254592                                  {product} {ergonomic}
    uintx ProfiledCodeHeapSize                     = 122909434                              {pd product} {ergonomic}
    uintx ReservedCodeCacheSize                    = 251658240                              {pd product} {ergonomic}
     bool SegmentedCodeCache                       = true                                      {product} {ergonomic}
   size_t SoftMaxHeapSize                          = 4294967296                             {manageable} {ergonomic}
     bool UseCompressedOops                        = true                           {product lp64_product} {ergonomic}
     bool UseLargePagesIndividualAllocation        = false                                  {pd product} {ergonomic}
     bool UseParallelGC                            = true                                      {product} {command line}

Logging:
Log output configuration:
 #0: stdout all=off uptime,level,tags foldmultilines=false
 #1: stderr all=off uptime,level,tags foldmultilines=false

Environment Variables:
JAVA_HOME=D:\Program Files\Java\jdk-25\
PATH=C:\Program Files\Common Files\Oracle\Java\javapath;C:\Program Files\Eclipse Adoptium\jdk-17.0.15.6-hotspot\bin;C:\Windows\System32\HWAudioDriverLibs;C:\Windows\system32;C:\Windows;C:\Windows\System32\Wbem;C:\Windows\System32\WindowsPowerShell\v1.0\;C:\Windows\System32\OpenSSH\;C:\Users\Administrator\AppData\Local\Microsoft\WindowsApps;C:\WINDOWS\system32;C:\WINDOWS;C:\WINDOWS\System32\Wbem;C:\WINDOWS\System32\WindowsPowerShell\v1.0\;C:\WINDOWS\System32\OpenSSH\;C:\Program Files\Git\cmd;C:\Program Files\nodejs\;C:\ProgramData\chocolatey\bin;C:\Program Files\dotnet\;C:\Program Files\Microsoft SQL Server\150\Tools\Binn\;C:\Program Files\Microsoft SQL Server\Client SDK\ODBC\170\Tools\Binn\;C:\Program Files (x86)\Microsoft SQL Server\160\Tools\Binn\;C:\Program Files\Microsoft SQL Server\160\Tools\Binn\;C:\Program Files\Microsoft SQL Server\160\DTS\Binn\;C:\Program Files\Microsoft VS Code\bin;D:\Program Files\apache-maven-3.9.11\bin;D:\Program Files\Java\jdk-24\bin;C:\MinGW\bin;;C:\Program Files\Docker\Docker\resources\bin;D:\Program Files\MySQL\MySQL Shell 9.3\bin\;C:\Users\jlesc\AppData\Local\Programs\Python\Python314\Scripts\;C:\Users\jlesc\AppData\Local\Programs\Python\Python314\;C:\Users\jlesc\AppData\Local\Programs\Python\Python313\Scripts\;C:\Users\jlesc\AppData\Local\Programs\Python\Python313\;C:\Users\jlesc\AppData\Local\Programs\Python\Launcher\;C:\Users\jlesc\AppData\Local\Microsoft\WindowsApps;C:\Users\jlesc\AppData\Local\Programs\Microsoft VS Code\bin;C:\Users\jlesc\AppData\Roaming\npm;C:\Program Files\PostgreSQL\17\bin;C:\Users\jlesc\AppData\Local\Programs\cursor\resources\app\bin;C:\Program Files\OpenSSL-Win64\bin;C:\Users\jlesc\.dotnet\tools;C:\Users\jlesc\AppData\Local\Programs\Hyper\resources\bin;D:\Users\jlesc\AppData\Local\Programs\MiKTeX\miktex\bin\x64\;;C:\ghcup\bin;C:\Users\jlesc\AppData\Roaming\local\bin;C:\Users\jlesc\AppData\Roaming\cabal\bin;C:\tools\ghc-9.8.2\bin;D:\Program Files\JetBrains\IntelliJ IDEA 2025.2.2\bin
USERNAME=jlesc
OS=Windows_NT
PROCESSOR_IDENTIFIER=Intel64 Family 6 Model 140 Stepping 1, GenuineIntel
TMP=C:\Users\jlesc\AppData\Local\Temp
TEMP=C:\Users\jlesc\AppData\Local\Temp




Periodic native trim disabled

---------------  S Y S T E M  ---------------

OS:
 Windows 11 , 64 bit Build 26100 (10.0.26100.6725)
OS uptime: 2 days 2:35 hours
Hyper-V role detected

CPU: total 8 (initial active 8) (4 cores per cpu, 2 threads per core) family 6 model 140 stepping 1 microcode 0x8a, cx8, cmov, fxsr, ht, mmx, 3dnowpref, sse, sse2, sse3, ssse3, sse4.1, sse4.2, popcnt, lzcnt, tsc, tscinvbit, avx, avx2, aes, erms, clmul, bmi1, bmi2, adx, avx512f, avx512dq, avx512cd, avx512bw, avx512vl, sha, fma, vzeroupper, avx512_vpopcntdq, avx512_vpclmulqdq, avx512_vaes, avx512_vnni, clflush, clflushopt, clwb, avx512_vbmi2, avx512_vbmi, hv, rdtscp, rdpid, fsrm, gfni, avx512_bitalg, f16c, cet_ibt, cet_ss, avx512_ifma
Processor Information for processor 0
  Max Mhz: 2419, Current Mhz: 2419, Mhz Limit: 2419
Processor Information for processor 1
  Max Mhz: 2419, Current Mhz: 2419, Mhz Limit: 2419
Processor Information for processor 2
  Max Mhz: 2419, Current Mhz: 2419, Mhz Limit: 2419
Processor Information for processor 3
  Max Mhz: 2419, Current Mhz: 1209, Mhz Limit: 2419
Processor Information for processor 4
  Max Mhz: 2419, Current Mhz: 1209, Mhz Limit: 2419
Processor Information for processor 5
  Max Mhz: 2419, Current Mhz: 1209, Mhz Limit: 2419
Processor Information for processor 6
  Max Mhz: 2419, Current Mhz: 1209, Mhz Limit: 2419
Processor Information for processor 7
  Max Mhz: 2419, Current Mhz: 1209, Mhz Limit: 2419

Memory: 4k page, system-wide physical 16183M (666M free)
TotalPageFile size 47319M (AvailPageFile size 160M)
current process WorkingSet (physical memory assigned to process): 8M, peak: 526M
current process commit charge ("private bytes"): 663M, peak: 1080M

vm_info: OpenJDK 64-Bit Server VM (21.0.8+9-LTS) for windows-amd64 JRE (21.0.8+9-LTS), built on 2025-07-15T00:00:00Z by "admin" with MS VC++ 17.7 (VS2022)

END.
