#
# There is insufficient memory for the Java Runtime Environment to continue.
# Native memory allocation (malloc) failed to allocate 1417456 bytes. Error detail: Chunk::new
# Possible reasons:
#   The system is out of physical RAM or swap space
#   This process is running with CompressedOops enabled, and the Java Heap may be blocking the growth of the native heap
# Possible solutions:
#   Reduce memory load on the system
#   Increase physical memory or swap space
#   Check if swap backing store is full
#   Decrease Java heap size (-Xmx/-Xms)
#   Decrease number of Java threads
#   Decrease Java thread stack sizes (-Xss)
#   Set larger code cache with -XX:ReservedCodeCacheSize=
#   JVM is running with Zero Based Compressed Oops mode in which the Java heap is
#     placed in the first 32GB address space. The Java Heap base address is the
#     maximum limit for the native heap growth. Please use -XX:HeapBaseMinAddress
#     to set the Java Heap base and to place the Java Heap above 32GB virtual address.
# This output file may be truncated or incomplete.
#
#  Out of Memory Error (arena.cpp:168), pid=16424, tid=30820
#
# JRE version: OpenJDK Runtime Environment Temurin-21.0.8+9 (21.0.8+9) (build 21.0.8+9-LTS)
# Java VM: OpenJDK 64-Bit Server VM Temurin-21.0.8+9 (21.0.8+9-LTS, mixed mode, sharing, tiered, compressed oops, compressed class ptrs, parallel gc, windows-amd64)
# No core dump will be written. Minidumps are not enabled by default on client versions of Windows
#

---------------  S U M M A R Y ------------

Command Line: --add-modules=ALL-SYSTEM --add-opens=java.base/java.util=ALL-UNNAMED --add-opens=java.base/java.lang=ALL-UNNAMED --add-opens=java.base/sun.nio.fs=ALL-UNNAMED -Declipse.application=org.eclipse.jdt.ls.core.id1 -Dosgi.bundles.defaultStartLevel=4 -Declipse.product=org.eclipse.jdt.ls.core.product -Djava.import.generatesMetadataFilesAtProjectRoot=false -DDetectVMInstallationsJob.disabled=true -Dfile.encoding=utf8 -XX:+UseParallelGC -XX:GCTimeRatio=4 -XX:AdaptiveSizePolicyWeight=90 -Dsun.zip.disableMemoryMapping=true -Xmx4G -Xms100m -Xlog:disable -javaagent:c:\Users\jlesc\.cursor\extensions\redhat.java-1.47.0-win32-x64\lombok\lombok-1.18.39-4050.jar -XX:+HeapDumpOnOutOfMemoryError -XX:HeapDumpPath=c:\Users\jlesc\AppData\Roaming\Cursor\User\workspaceStorage\daf79fc009b035c0b4011d658dfa5639\redhat.java -Daether.dependencyCollector.impl=bf c:\Users\jlesc\.cursor\extensions\redhat.java-1.47.0-win32-x64\server\plugins\org.eclipse.equinox.launcher_1.7.100.v20251014-1222.jar -configuration c:\Users\jlesc\AppData\Roaming\Cursor\User\globalStorage\redhat.java\1.47.0\config_win -data c:\Users\jlesc\AppData\Roaming\Cursor\User\workspaceStorage\daf79fc009b035c0b4011d658dfa5639\redhat.java\jdt_ws --pipe=\\.\pipe\lsp-5c333aec9231375b55fbb1da5f949bfa-sock

Host: 11th Gen Intel(R) Core(TM) i5-1135G7 @ 2.40GHz, 8 cores, 15G,  Windows 11 , 64 bit Build 26100 (10.0.26100.6725)
Time: Sat Nov  1 22:21:31 2025 Malay Peninsula Standard Time elapsed time: 46906.384993 seconds (0d 13h 1m 46s)

---------------  T H R E A D  ---------------

Current thread (0x000001eab831bae0):  JavaThread "C2 CompilerThread0" daemon [_thread_in_native, id=30820, stack(0x000000b0cc500000,0x000000b0cc600000) (1024K)]


Current CompileTask:
C2:46906385 35569       4       lombok.eclipse.handlers.HandleEqualsAndHashCode::createHashCode (2262 bytes)

Stack: [0x000000b0cc500000,0x000000b0cc600000]
Native frames: (J=compiled Java code, j=interpreted, Vv=VM code, C=native code)
V  [jvm.dll+0x6d2449]
V  [jvm.dll+0x8ae341]
V  [jvm.dll+0x8b08be]
V  [jvm.dll+0x8b0fa3]
V  [jvm.dll+0x280c96]
V  [jvm.dll+0xc581d]
V  [jvm.dll+0xc5d53]
V  [jvm.dll+0x3b9162]
V  [jvm.dll+0x385315]
V  [jvm.dll+0x38477a]
V  [jvm.dll+0x248ed0]
V  [jvm.dll+0x2484af]
V  [jvm.dll+0x1c89ee]
V  [jvm.dll+0x257d4d]
V  [jvm.dll+0x2562ea]
V  [jvm.dll+0x3f2d16]
V  [jvm.dll+0x857e6b]
V  [jvm.dll+0x6d0b0d]
C  [ucrtbase.dll+0x37b0]
C  [KERNEL32.DLL+0x2e8d7]
C  [ntdll.dll+0x8c53c]


---------------  P R O C E S S  ---------------

Threads class SMR info:
_java_thread_list=0x000001ea845dfc50, length=61, elements={
0x000001ea9ac3bd40, 0x000001eab8308330, 0x000001ea9cffe8a0, 0x000001eab830a2c0,
0x000001eab830ae10, 0x000001eab8310c40, 0x000001eab8313c90, 0x000001eab831bae0,
0x000001eaff008070, 0x000001eab8312f70, 0x000001eab8314320, 0x000001eab83156d0,
0x000001eab8313600, 0x000001eab8312250, 0x000001eab8315040, 0x000001eab83128e0,
0x000001ea80594110, 0x000001ea805933f0, 0x000001ea805919b0, 0x000001ea80595b50,
0x000001ea80597590, 0x000001ea80597c20, 0x000001ea805982b0, 0x000001ea80598fd0,
0x000001ea80596870, 0x000001ea80596f00, 0x000001ea80598940, 0x000001ea82f35080,
0x000001ea82f377e0, 0x000001ea82f37e70, 0x000001ea82f38b90, 0x000001ea82f37150,
0x000001ea84d66de0, 0x000001ea84d64680, 0x000001ea84d64d10, 0x000001ea84d63960,
0x000001ea84d653a0, 0x000001ea84d625b0, 0x000001ea84d63ff0, 0x000001ea84d62c40,
0x000001ea84d61f20, 0x000001ea84d67b00, 0x000001ea84d68190, 0x000001ea84d68eb0,
0x000001ea84d65a30, 0x000001ea84d68820, 0x000001ea84d67470, 0x000001ea84d69540,
0x000001ea84d660c0, 0x000001ea84d66750, 0x000001ea824a2be0, 0x000001ea8249fdf0,
0x000001ea824a11a0, 0x000001ea824a0480, 0x000001ea8249f760, 0x000001ea824a3f90,
0x000001ea824a1830, 0x000001ea824a0b10, 0x000001ea824a4620, 0x000001ea824a5340,
0x000001ea824a6060
}

Java Threads: ( => current thread )
  0x000001ea9ac3bd40 JavaThread "main"                              [_thread_blocked, id=26528, stack(0x000000b0cbb00000,0x000000b0cbc00000) (1024K)]
  0x000001eab8308330 JavaThread "Reference Handler"          daemon [_thread_blocked, id=9724, stack(0x000000b0cbf00000,0x000000b0cc000000) (1024K)]
  0x000001ea9cffe8a0 JavaThread "Finalizer"                  daemon [_thread_blocked, id=40460, stack(0x000000b0cc000000,0x000000b0cc100000) (1024K)]
  0x000001eab830a2c0 JavaThread "Signal Dispatcher"          daemon [_thread_blocked, id=29792, stack(0x000000b0cc100000,0x000000b0cc200000) (1024K)]
  0x000001eab830ae10 JavaThread "Attach Listener"            daemon [_thread_blocked, id=11248, stack(0x000000b0cc200000,0x000000b0cc300000) (1024K)]
  0x000001eab8310c40 JavaThread "Service Thread"             daemon [_thread_blocked, id=41468, stack(0x000000b0cc300000,0x000000b0cc400000) (1024K)]
  0x000001eab8313c90 JavaThread "Monitor Deflation Thread"   daemon [_thread_blocked, id=35956, stack(0x000000b0cc400000,0x000000b0cc500000) (1024K)]
=>0x000001eab831bae0 JavaThread "C2 CompilerThread0"         daemon [_thread_in_native, id=30820, stack(0x000000b0cc500000,0x000000b0cc600000) (1024K)]
  0x000001eaff008070 JavaThread "C1 CompilerThread0"         daemon [_thread_blocked, id=31560, stack(0x000000b0cc600000,0x000000b0cc700000) (1024K)]
  0x000001eab8312f70 JavaThread "Common-Cleaner"             daemon [_thread_blocked, id=34496, stack(0x000000b0cc700000,0x000000b0cc800000) (1024K)]
  0x000001eab8314320 JavaThread "Notification Thread"        daemon [_thread_blocked, id=8972, stack(0x000000b0cc800000,0x000000b0cc900000) (1024K)]
  0x000001eab83156d0 JavaThread "Active Thread: Equinox Container: 08154cd3-244b-464a-a5c1-7b9f046cf82c"        [_thread_blocked, id=9524, stack(0x000000b0cd100000,0x000000b0cd200000) (1024K)]
  0x000001eab8313600 JavaThread "Refresh Thread: Equinox Container: 08154cd3-244b-464a-a5c1-7b9f046cf82c" daemon [_thread_blocked, id=35388, stack(0x000000b0cc900000,0x000000b0cca00000) (1024K)]
  0x000001eab8312250 JavaThread "Framework Event Dispatcher: Equinox Container: 08154cd3-244b-464a-a5c1-7b9f046cf82c" daemon [_thread_blocked, id=34480, stack(0x000000b0cd200000,0x000000b0cd300000) (1024K)]
  0x000001eab8315040 JavaThread "Start Level: Equinox Container: 08154cd3-244b-464a-a5c1-7b9f046cf82c" daemon [_thread_blocked, id=27956, stack(0x000000b0cd300000,0x000000b0cd400000) (1024K)]
  0x000001eab83128e0 JavaThread "Bundle File Closer"         daemon [_thread_blocked, id=27244, stack(0x000000b0cd500000,0x000000b0cd600000) (1024K)]
  0x000001ea80594110 JavaThread "SCR Component Actor"        daemon [_thread_blocked, id=10116, stack(0x000000b0cd400000,0x000000b0cd500000) (1024K)]
  0x000001ea805933f0 JavaThread "Worker-JM"                         [_thread_blocked, id=42020, stack(0x000000b0cd700000,0x000000b0cd800000) (1024K)]
  0x000001ea805919b0 JavaThread "JNA Cleaner"                daemon [_thread_blocked, id=40932, stack(0x000000b0cd600000,0x000000b0cd700000) (1024K)]
  0x000001ea80595b50 JavaThread "Java indexing"              daemon [_thread_blocked, id=21344, stack(0x000000b0cdb00000,0x000000b0cdc00000) (1024K)]
  0x000001ea80597590 JavaThread "Thread-1"                   daemon [_thread_in_native, id=40500, stack(0x000000b0ce200000,0x000000b0ce300000) (1024K)]
  0x000001ea80597c20 JavaThread "Thread-2"                   daemon [_thread_in_native, id=38428, stack(0x000000b0ce300000,0x000000b0ce400000) (1024K)]
  0x000001ea805982b0 JavaThread "Thread-3"                   daemon [_thread_in_native, id=31608, stack(0x000000b0ce400000,0x000000b0ce500000) (1024K)]
  0x000001ea80598fd0 JavaThread "Thread-4"                   daemon [_thread_in_native, id=34348, stack(0x000000b0ce500000,0x000000b0ce600000) (1024K)]
  0x000001ea80596870 JavaThread "Thread-5"                   daemon [_thread_in_native, id=16404, stack(0x000000b0ce600000,0x000000b0ce700000) (1024K)]
  0x000001ea80596f00 JavaThread "Thread-6"                   daemon [_thread_in_native, id=29208, stack(0x000000b0ce700000,0x000000b0ce800000) (1024K)]
  0x000001ea80598940 JavaThread "Thread-7"                   daemon [_thread_in_native, id=41824, stack(0x000000b0ce800000,0x000000b0ce900000) (1024K)]
  0x000001ea82f35080 JavaThread "Thread-8"                   daemon [_thread_in_native, id=2248, stack(0x000000b0ce900000,0x000000b0cea00000) (1024K)]
  0x000001ea82f377e0 JavaThread "Thread-9"                   daemon [_thread_in_native, id=41344, stack(0x000000b0cea00000,0x000000b0ceb00000) (1024K)]
  0x000001ea82f37e70 JavaThread "pool-2-thread-1"                   [_thread_blocked, id=27272, stack(0x000000b0ceb00000,0x000000b0cec00000) (1024K)]
  0x000001ea82f38b90 JavaThread "WorkspaceEventsHandler"            [_thread_blocked, id=33776, stack(0x000000b0cec00000,0x000000b0ced00000) (1024K)]
  0x000001ea82f37150 JavaThread "pool-1-thread-1"                   [_thread_blocked, id=15968, stack(0x000000b0ced00000,0x000000b0cee00000) (1024K)]
  0x000001ea84d66de0 JavaThread "Worker-82"                         [_thread_blocked, id=11128, stack(0x000000b0cd900000,0x000000b0cda00000) (1024K)]
  0x000001ea84d64680 JavaThread "Worker-83"                         [_thread_blocked, id=37568, stack(0x000000b0cef00000,0x000000b0cf000000) (1024K)]
  0x000001ea84d64d10 JavaThread "ForkJoinPool.commonPool-worker-99" daemon [_thread_blocked, id=32704, stack(0x000000b0cb800000,0x000000b0cb900000) (1024K)]
  0x000001ea84d63960 JavaThread "ForkJoinPool.commonPool-worker-100" daemon [_thread_blocked, id=24856, stack(0x000000b0cb900000,0x000000b0cba00000) (1024K)]
  0x000001ea84d653a0 JavaThread "Worker-84"                         [_thread_blocked, id=3184, stack(0x000000b0cba00000,0x000000b0cbb00000) (1024K)]
  0x000001ea84d625b0 JavaThread "Worker-85"                         [_thread_blocked, id=42424, stack(0x000000b0cd800000,0x000000b0cd900000) (1024K)]
  0x000001ea84d63ff0 JavaThread "Compiler Source File Reader" daemon [_thread_blocked, id=20336, stack(0x000000b0cda00000,0x000000b0cdb00000) (1024K)]
  0x000001ea84d62c40 JavaThread "Compiler Source File Reader" daemon [_thread_blocked, id=39500, stack(0x000000b0cdc00000,0x000000b0cdd00000) (1024K)]
  0x000001ea84d61f20 JavaThread "Compiler Source File Reader" daemon [_thread_blocked, id=30132, stack(0x000000b0cdd00000,0x000000b0cde00000) (1024K)]
  0x000001ea84d67b00 JavaThread "Compiler Source File Reader" daemon [_thread_blocked, id=41368, stack(0x000000b0cde00000,0x000000b0cdf00000) (1024K)]
  0x000001ea84d68190 JavaThread "Compiler Source File Reader" daemon [_thread_blocked, id=40336, stack(0x000000b0cdf00000,0x000000b0ce000000) (1024K)]
  0x000001ea84d68eb0 JavaThread "Compiler Source File Reader" daemon [_thread_blocked, id=39684, stack(0x000000b0ce000000,0x000000b0ce100000) (1024K)]
  0x000001ea84d65a30 JavaThread "Worker-86"                         [_thread_blocked, id=23760, stack(0x000000b0ce100000,0x000000b0ce200000) (1024K)]
  0x000001ea84d68820 JavaThread "Worker-87"                         [_thread_blocked, id=22700, stack(0x000000b0cee00000,0x000000b0cef00000) (1024K)]
  0x000001ea84d67470 JavaThread "LocalFile Deleter"          daemon [_thread_blocked, id=35612, stack(0x000000b0cf000000,0x000000b0cf100000) (1024K)]
  0x000001ea84d69540 JavaThread "LocalFile Deleter"          daemon [_thread_blocked, id=32244, stack(0x000000b0cf100000,0x000000b0cf200000) (1024K)]
  0x000001ea84d660c0 JavaThread "LocalFile Deleter"          daemon [_thread_blocked, id=16480, stack(0x000000b0cf200000,0x000000b0cf300000) (1024K)]
  0x000001ea84d66750 JavaThread "LocalFile Deleter"          daemon [_thread_blocked, id=25472, stack(0x000000b0cf300000,0x000000b0cf400000) (1024K)]
  0x000001ea824a2be0 JavaThread "LocalFile Deleter"          daemon [_thread_blocked, id=26356, stack(0x000000b0cf400000,0x000000b0cf500000) (1024K)]
  0x000001ea8249fdf0 JavaThread "LocalFile Deleter"          daemon [_thread_blocked, id=18524, stack(0x000000b0cf500000,0x000000b0cf600000) (1024K)]
  0x000001ea824a11a0 JavaThread "LocalFile Deleter"          daemon [_thread_blocked, id=28780, stack(0x000000b0cf600000,0x000000b0cf700000) (1024K)]
  0x000001ea824a0480 JavaThread "LocalFile Deleter"          daemon [_thread_blocked, id=37116, stack(0x000000b0cf700000,0x000000b0cf800000) (1024K)]
  0x000001ea8249f760 JavaThread "Compiler Processing Task"   daemon [_thread_blocked, id=1648, stack(0x000000b0cf800000,0x000000b0cf900000) (1024K)]
  0x000001ea824a3f90 JavaThread "Compiler Class File Writer" daemon [_thread_blocked, id=22696, stack(0x000000b0cfa00000,0x000000b0cfb00000) (1024K)]
  0x000001ea824a1830 JavaThread "Compiler Class File Writer" daemon [_thread_blocked, id=31104, stack(0x000000b0cfb00000,0x000000b0cfc00000) (1024K)]
  0x000001ea824a0b10 JavaThread "Compiler Class File Writer" daemon [_thread_blocked, id=28952, stack(0x000000b0cfc00000,0x000000b0cfd00000) (1024K)]
  0x000001ea824a4620 JavaThread "Compiler Class File Writer" daemon [_thread_blocked, id=7940, stack(0x000000b0cfd00000,0x000000b0cfe00000) (1024K)]
  0x000001ea824a5340 JavaThread "Compiler Class File Writer" daemon [_thread_blocked, id=36988, stack(0x000000b0cfe00000,0x000000b0cff00000) (1024K)]
  0x000001ea824a6060 JavaThread "Compiler Class File Writer" daemon [_thread_blocked, id=41524, stack(0x000000b0cff00000,0x000000b0d0000000) (1024K)]
Total: 61

Other Threads:
  0x000001eab83035f0 VMThread "VM Thread"                           [id=14456, stack(0x000000b0cbe00000,0x000000b0cbf00000) (1024K)]
  0x000001ea9cfb0610 WatcherThread "VM Periodic Task Thread"        [id=23708, stack(0x000000b0cbd00000,0x000000b0cbe00000) (1024K)]
  0x000001ea9cf61cb0 WorkerThread "GC Thread#0"                     [id=15212, stack(0x000000b0cbc00000,0x000000b0cbd00000) (1024K)]
  0x000001eaffb9dde0 WorkerThread "GC Thread#1"                     [id=42048, stack(0x000000b0ccb00000,0x000000b0ccc00000) (1024K)]
  0x000001eaffb9e590 WorkerThread "GC Thread#2"                     [id=39708, stack(0x000000b0ccc00000,0x000000b0ccd00000) (1024K)]
  0x000001eaff54f000 WorkerThread "GC Thread#3"                     [id=15388, stack(0x000000b0ccd00000,0x000000b0cce00000) (1024K)]
  0x000001eaff54f3a0 WorkerThread "GC Thread#4"                     [id=37936, stack(0x000000b0cce00000,0x000000b0ccf00000) (1024K)]
  0x000001ea80155010 WorkerThread "GC Thread#5"                     [id=41152, stack(0x000000b0ccf00000,0x000000b0cd000000) (1024K)]
  0x000001ea801553b0 WorkerThread "GC Thread#6"                     [id=34224, stack(0x000000b0cd000000,0x000000b0cd100000) (1024K)]
  0x000001eab8331fc0 WorkerThread "GC Thread#7"                     [id=40320, stack(0x000000b0cca00000,0x000000b0ccb00000) (1024K)]
Total: 10

Threads with active compile tasks:
C2 CompilerThread0  46906448 35569       4       lombok.eclipse.handlers.HandleEqualsAndHashCode::createHashCode (2262 bytes)
Total: 1

VM state: at safepoint (normal execution)

VM Mutex/Monitor currently owned by a thread:  ([mutex/lock_event])
[0x00007ffebddd5458] Threads_lock - owner thread: 0x000001eab83035f0
[0x00007ffebddd5558] Heap_lock - owner thread: 0x000001ea80595b50

Heap address: 0x0000000700000000, size: 4096 MB, Compressed Oops mode: Zero based, Oop shift amount: 3

CDS archive(s) mapped at: [0x000001eab9000000-0x000001eab9ba0000-0x000001eab9ba0000), size 12189696, SharedBaseAddress: 0x000001eab9000000, ArchiveRelocationMode: 1.
Compressed class space mapped at: 0x000001eaba000000-0x000001eafa000000, reserved size: 1073741824
Narrow klass base: 0x000001eab9000000, Narrow klass shift: 0, Narrow klass range: 0x100000000

GC Precious Log:
 CardTable entry size: 512
 CPUs: 8 total, 8 available
 Memory: 16183M
 Large Page Support: Disabled
 NUMA Support: Disabled
 Compressed Oops: Enabled (Zero based)
 Alignments: Space 512K, Generation 512K, Heap 2M
 Heap Min Capacity: 100M
 Heap Initial Capacity: 100M
 Heap Max Capacity: 4G
 Pre-touch: Disabled
 Parallel Workers: 8

Heap:
 PSYoungGen      total 5120K, used 996K [0x00000007aab00000, 0x00000007ab100000, 0x0000000800000000)
  eden space 4096K, 0% used [0x00000007aab00000,0x00000007aab00000,0x00000007aaf00000)
  from space 1024K, 97% used [0x00000007aaf00000,0x00000007aaff90e0,0x00000007ab000000)
  to   space 1024K, 0% used [0x00000007ab000000,0x00000007ab000000,0x00000007ab100000)
 ParOldGen       total 2024960K, used 2024465K [0x0000000700000000, 0x000000077b980000, 0x00000007aab00000)
  object space 2024960K, 99% used [0x0000000700000000,0x000000077b904458,0x000000077b980000)
 Metaspace       used 89194K, committed 90752K, reserved 1179648K
  class space    used 8521K, committed 9280K, reserved 1048576K

Card table byte_map: [0x000001eaaf130000,0x000001eaaf940000] _byte_map_base: 0x000001eaab930000

Marking Bits: (ParMarkBitMap*) 0x00007ffebddda340
 Begin Bits: [0x000001eaaf940000, 0x000001eab3940000)
 End Bits:   [0x000001eab3940000, 0x000001eab7940000)

Polling page: 0x000001ea9c650000

Metaspace:

Usage:
  Non-class:     78.78 MB used.
      Class:      8.32 MB used.
       Both:     87.10 MB used.

Virtual space:
  Non-class space:      128.00 MB reserved,      79.56 MB ( 62%) committed,  2 nodes.
      Class space:        1.00 GB reserved,       9.06 MB ( <1%) committed,  1 nodes.
             Both:        1.12 GB reserved,      88.62 MB (  8%) committed. 

Chunk freelists:
   Non-Class:  413.00 KB
       Class:  6.97 MB
        Both:  7.37 MB

MaxMetaspaceSize: unlimited
CompressedClassSpaceSize: 1.00 GB
Initial GC threshold: 21.00 MB
Current GC threshold: 145.62 MB
CDS: on
 - commit_granule_bytes: 65536.
 - commit_granule_words: 8192.
 - virtual_space_node_default_size: 8388608.
 - enlarge_chunks_in_place: 1.
 - use_allocation_guard: 0.


Internal statistics:

num_allocs_failed_limit: 9.
num_arena_births: 2064.
num_arena_deaths: 608.
num_vsnodes_births: 3.
num_vsnodes_deaths: 0.
num_space_committed: 1425.
num_space_uncommitted: 5.
num_chunks_returned_to_freelist: 858.
num_chunks_taken_from_freelist: 6834.
num_chunk_merges: 215.
num_chunk_splits: 3737.
num_chunks_enlarged: 1994.
num_inconsistent_stats: 0.

CodeHeap 'non-profiled nmethods': size=120000Kb used=27013Kb max_used=27013Kb free=92986Kb
 bounds [0x000001eaa7c00000, 0x000001eaa96a0000, 0x000001eaaf130000]
CodeHeap 'profiled nmethods': size=120000Kb used=26857Kb max_used=47234Kb free=93142Kb
 bounds [0x000001eaa0130000, 0x000001eaa2f60000, 0x000001eaa7660000]
CodeHeap 'non-nmethods': size=5760Kb used=1524Kb max_used=1607Kb free=4235Kb
 bounds [0x000001eaa7660000, 0x000001eaa78d0000, 0x000001eaa7c00000]
CodeCache: size=245760Kb, used=55394Kb, max_used=75854Kb, free=190363Kb
 total_blobs=13204, nmethods=12382, adapters=720, full_count=0
Compilation: enabled, stopped_count=0, restarted_count=0

Compilation events (20 events):
Event: 46901.411 Thread 0x000001eaff008070 nmethod 35564 0x000001eaa1b4e690 code [0x000001eaa1b4e880, 0x000001eaa1b4ef28]
Event: 46901.540 Thread 0x000001eab831bae0 35565       4       com.google.inject.Key::equals (55 bytes)
Event: 46901.559 Thread 0x000001eab831bae0 nmethod 35565 0x000001eaa9339610 code [0x000001eaa9339800, 0x000001eaa9339c08]
Event: 46902.367 Thread 0x000001eab831bae0 35566       4       java.nio.charset.CoderResult::isUnderflow (13 bytes)
Event: 46902.367 Thread 0x000001eab831bae0 nmethod 35566 0x000001eaa92bb610 code [0x000001eaa92bb7a0, 0x000001eaa92bb838]
Event: 46903.659 Thread 0x000001eaff008070 35567       3       org.eclipse.jdt.internal.compiler.ast.LongLiteral::generateCode (33 bytes)
Event: 46903.660 Thread 0x000001eaff008070 nmethod 35567 0x000001eaa10c1e90 code [0x000001eaa10c2060, 0x000001eaa10c2430]
Event: 46903.817 Thread 0x000001eab831bae0 35568       4       lombok.eclipse.handlers.HandleEqualsAndHashCode::createEquals (2775 bytes)
Event: 46904.917 Thread 0x000001eab831bae0 nmethod 35568 0x000001eaa9685a10 code [0x000001eaa9686740, 0x000001eaa968ea70]
Event: 46904.919 Thread 0x000001eab831bae0 35569       4       lombok.eclipse.handlers.HandleEqualsAndHashCode::createHashCode (2262 bytes)
Event: 46905.191 Thread 0x000001eaff008070 35572       3       java.lang.invoke.LambdaForm$MH/0x000001eaba019800::invoke (99 bytes)
Event: 46905.192 Thread 0x000001eaff008070 nmethod 35572 0x000001eaa1b4d490 code [0x000001eaa1b4d6e0, 0x000001eaa1b4e370]
Event: 46905.192 Thread 0x000001eaff008070 35573       3       java.lang.invoke.LambdaForm$MH/0x000001eaba019000::invoke (46 bytes)
Event: 46905.193 Thread 0x000001eaff008070 nmethod 35573 0x000001eaa1fe0790 code [0x000001eaa1fe0980, 0x000001eaa1fe0f30]
Event: 46905.193 Thread 0x000001eaff008070 35574       3       java.lang.invoke.LambdaForm$MH/0x000001eaba017c00::invoke (45 bytes)
Event: 46905.194 Thread 0x000001eaff008070 nmethod 35574 0x000001eaa1fdfd90 code [0x000001eaa1fdff80, 0x000001eaa1fe0600]
Event: 46905.197 Thread 0x000001eaff008070 35575       3       org.eclipse.jdt.ls.core.internal.preferences.ClientPreferences::isDiagnosticTagSupported (60 bytes)
Event: 46905.202 Thread 0x000001eaff008070 nmethod 35575 0x000001eaa1fdf690 code [0x000001eaa1fdf880, 0x000001eaa1fdfc10]
Event: 46905.202 Thread 0x000001eaff008070 35576       3       org.eclipse.jdt.ls.core.internal.preferences.ClientPreferences::isTagSupported (39 bytes)
Event: 46905.204 Thread 0x000001eaff008070 nmethod 35576 0x000001eaa2122590 code [0x000001eaa2122760, 0x000001eaa2122da0]

GC Heap History (20 events):
Event: 46904.384 GC heap after
{Heap after GC invocations=11014 (full 19):
 PSYoungGen      total 5120K, used 704K [0x00000007aab00000, 0x00000007ab100000, 0x0000000800000000)
  eden space 4096K, 0% used [0x00000007aab00000,0x00000007aab00000,0x00000007aaf00000)
  from space 1024K, 68% used [0x00000007aaf00000,0x00000007aafb0000,0x00000007ab000000)
  to   space 1024K, 0% used [0x00000007ab000000,0x00000007ab000000,0x00000007ab100000)
 ParOldGen       total 2016768K, used 2016718K [0x0000000700000000, 0x000000077b180000, 0x00000007aab00000)
  object space 2016768K, 99% used [0x0000000700000000,0x000000077b173a50,0x000000077b180000)
 Metaspace       used 89188K, committed 90752K, reserved 1179648K
  class space    used 8521K, committed 9280K, reserved 1048576K
}
Event: 46904.412 GC heap before
{Heap before GC invocations=11015 (full 19):
 PSYoungGen      total 5120K, used 4800K [0x00000007aab00000, 0x00000007ab100000, 0x0000000800000000)
  eden space 4096K, 100% used [0x00000007aab00000,0x00000007aaf00000,0x00000007aaf00000)
  from space 1024K, 68% used [0x00000007aaf00000,0x00000007aafb0000,0x00000007ab000000)
  to   space 1024K, 0% used [0x00000007ab000000,0x00000007ab000000,0x00000007ab100000)
 ParOldGen       total 2016768K, used 2016718K [0x0000000700000000, 0x000000077b180000, 0x00000007aab00000)
  object space 2016768K, 99% used [0x0000000700000000,0x000000077b173a50,0x000000077b180000)
 Metaspace       used 89188K, committed 90752K, reserved 1179648K
  class space    used 8521K, committed 9280K, reserved 1048576K
}
Event: 46904.421 GC heap after
{Heap after GC invocations=11015 (full 19):
 PSYoungGen      total 5120K, used 576K [0x00000007aab00000, 0x00000007ab100000, 0x0000000800000000)
  eden space 4096K, 0% used [0x00000007aab00000,0x00000007aab00000,0x00000007aaf00000)
  from space 1024K, 56% used [0x00000007ab000000,0x00000007ab090000,0x00000007ab100000)
  to   space 1024K, 0% used [0x00000007aaf00000,0x00000007aaf00000,0x00000007ab000000)
 ParOldGen       total 2017792K, used 2017334K [0x0000000700000000, 0x000000077b280000, 0x00000007aab00000)
  object space 2017792K, 99% used [0x0000000700000000,0x000000077b20da70,0x000000077b280000)
 Metaspace       used 89188K, committed 90752K, reserved 1179648K
  class space    used 8521K, committed 9280K, reserved 1048576K
}
Event: 46904.522 GC heap before
{Heap before GC invocations=11016 (full 19):
 PSYoungGen      total 5120K, used 4672K [0x00000007aab00000, 0x00000007ab100000, 0x0000000800000000)
  eden space 4096K, 100% used [0x00000007aab00000,0x00000007aaf00000,0x00000007aaf00000)
  from space 1024K, 56% used [0x00000007ab000000,0x00000007ab090000,0x00000007ab100000)
  to   space 1024K, 0% used [0x00000007aaf00000,0x00000007aaf00000,0x00000007ab000000)
 ParOldGen       total 2017792K, used 2017334K [0x0000000700000000, 0x000000077b280000, 0x00000007aab00000)
  object space 2017792K, 99% used [0x0000000700000000,0x000000077b20da70,0x000000077b280000)
 Metaspace       used 89188K, committed 90752K, reserved 1179648K
  class space    used 8521K, committed 9280K, reserved 1048576K
}
Event: 46904.529 GC heap after
{Heap after GC invocations=11016 (full 19):
 PSYoungGen      total 5120K, used 740K [0x00000007aab00000, 0x00000007ab100000, 0x0000000800000000)
  eden space 4096K, 0% used [0x00000007aab00000,0x00000007aab00000,0x00000007aaf00000)
  from space 1024K, 72% used [0x00000007aaf00000,0x00000007aafb9210,0x00000007ab000000)
  to   space 1024K, 0% used [0x00000007ab000000,0x00000007ab000000,0x00000007ab100000)
 ParOldGen       total 2018304K, used 2017830K [0x0000000700000000, 0x000000077b300000, 0x00000007aab00000)
  object space 2018304K, 99% used [0x0000000700000000,0x000000077b289ab0,0x000000077b300000)
 Metaspace       used 89188K, committed 90752K, reserved 1179648K
  class space    used 8521K, committed 9280K, reserved 1048576K
}
Event: 46904.552 GC heap before
{Heap before GC invocations=11017 (full 19):
 PSYoungGen      total 5120K, used 4836K [0x00000007aab00000, 0x00000007ab100000, 0x0000000800000000)
  eden space 4096K, 100% used [0x00000007aab00000,0x00000007aaf00000,0x00000007aaf00000)
  from space 1024K, 72% used [0x00000007aaf00000,0x00000007aafb9210,0x00000007ab000000)
  to   space 1024K, 0% used [0x00000007ab000000,0x00000007ab000000,0x00000007ab100000)
 ParOldGen       total 2018304K, used 2017830K [0x0000000700000000, 0x000000077b300000, 0x00000007aab00000)
  object space 2018304K, 99% used [0x0000000700000000,0x000000077b289ab0,0x000000077b300000)
 Metaspace       used 89188K, committed 90752K, reserved 1179648K
  class space    used 8521K, committed 9280K, reserved 1048576K
}
Event: 46904.559 GC heap after
{Heap after GC invocations=11017 (full 19):
 PSYoungGen      total 5120K, used 608K [0x00000007aab00000, 0x00000007ab100000, 0x0000000800000000)
  eden space 4096K, 0% used [0x00000007aab00000,0x00000007aab00000,0x00000007aaf00000)
  from space 1024K, 59% used [0x00000007ab000000,0x00000007ab098000,0x00000007ab100000)
  to   space 1024K, 0% used [0x00000007aaf00000,0x00000007aaf00000,0x00000007ab000000)
 ParOldGen       total 2018816K, used 2018449K [0x0000000700000000, 0x000000077b380000, 0x00000007aab00000)
  object space 2018816K, 99% used [0x0000000700000000,0x000000077b324588,0x000000077b380000)
 Metaspace       used 89188K, committed 90752K, reserved 1179648K
  class space    used 8521K, committed 9280K, reserved 1048576K
}
Event: 46904.621 GC heap before
{Heap before GC invocations=11018 (full 19):
 PSYoungGen      total 5120K, used 4704K [0x00000007aab00000, 0x00000007ab100000, 0x0000000800000000)
  eden space 4096K, 100% used [0x00000007aab00000,0x00000007aaf00000,0x00000007aaf00000)
  from space 1024K, 59% used [0x00000007ab000000,0x00000007ab098000,0x00000007ab100000)
  to   space 1024K, 0% used [0x00000007aaf00000,0x00000007aaf00000,0x00000007ab000000)
 ParOldGen       total 2018816K, used 2018449K [0x0000000700000000, 0x000000077b380000, 0x00000007aab00000)
  object space 2018816K, 99% used [0x0000000700000000,0x000000077b324588,0x000000077b380000)
 Metaspace       used 89188K, committed 90752K, reserved 1179648K
  class space    used 8521K, committed 9280K, reserved 1048576K
}
Event: 46904.629 GC heap after
{Heap after GC invocations=11018 (full 19):
 PSYoungGen      total 5120K, used 480K [0x00000007aab00000, 0x00000007ab100000, 0x0000000800000000)
  eden space 4096K, 0% used [0x00000007aab00000,0x00000007aab00000,0x00000007aaf00000)
  from space 1024K, 46% used [0x00000007aaf00000,0x00000007aaf78000,0x00000007ab000000)
  to   space 1024K, 0% used [0x00000007ab000000,0x00000007ab000000,0x00000007ab100000)
 ParOldGen       total 2019328K, used 2018965K [0x0000000700000000, 0x000000077b400000, 0x00000007aab00000)
  object space 2019328K, 99% used [0x0000000700000000,0x000000077b3a55b8,0x000000077b400000)
 Metaspace       used 89188K, committed 90752K, reserved 1179648K
  class space    used 8521K, committed 9280K, reserved 1048576K
}
Event: 46904.686 GC heap before
{Heap before GC invocations=11019 (full 19):
 PSYoungGen      total 5120K, used 4576K [0x00000007aab00000, 0x00000007ab100000, 0x0000000800000000)
  eden space 4096K, 100% used [0x00000007aab00000,0x00000007aaf00000,0x00000007aaf00000)
  from space 1024K, 46% used [0x00000007aaf00000,0x00000007aaf78000,0x00000007ab000000)
  to   space 1024K, 0% used [0x00000007ab000000,0x00000007ab000000,0x00000007ab100000)
 ParOldGen       total 2019328K, used 2018965K [0x0000000700000000, 0x000000077b400000, 0x00000007aab00000)
  object space 2019328K, 99% used [0x0000000700000000,0x000000077b3a55b8,0x000000077b400000)
 Metaspace       used 89188K, committed 90752K, reserved 1179648K
  class space    used 8521K, committed 9280K, reserved 1048576K
}
Event: 46904.693 GC heap after
{Heap after GC invocations=11019 (full 19):
 PSYoungGen      total 5120K, used 592K [0x00000007aab00000, 0x00000007ab100000, 0x0000000800000000)
  eden space 4096K, 0% used [0x00000007aab00000,0x00000007aab00000,0x00000007aaf00000)
  from space 1024K, 57% used [0x00000007ab000000,0x00000007ab094010,0x00000007ab100000)
  to   space 1024K, 0% used [0x00000007aaf00000,0x00000007aaf00000,0x00000007ab000000)
 ParOldGen       total 2019840K, used 2019345K [0x0000000700000000, 0x000000077b480000, 0x00000007aab00000)
  object space 2019840K, 99% used [0x0000000700000000,0x000000077b404608,0x000000077b480000)
 Metaspace       used 89188K, committed 90752K, reserved 1179648K
  class space    used 8521K, committed 9280K, reserved 1048576K
}
Event: 46904.894 GC heap before
{Heap before GC invocations=11020 (full 19):
 PSYoungGen      total 5120K, used 4688K [0x00000007aab00000, 0x00000007ab100000, 0x0000000800000000)
  eden space 4096K, 100% used [0x00000007aab00000,0x00000007aaf00000,0x00000007aaf00000)
  from space 1024K, 57% used [0x00000007ab000000,0x00000007ab094010,0x00000007ab100000)
  to   space 1024K, 0% used [0x00000007aaf00000,0x00000007aaf00000,0x00000007ab000000)
 ParOldGen       total 2019840K, used 2019345K [0x0000000700000000, 0x000000077b480000, 0x00000007aab00000)
  object space 2019840K, 99% used [0x0000000700000000,0x000000077b404608,0x000000077b480000)
 Metaspace       used 89188K, committed 90752K, reserved 1179648K
  class space    used 8521K, committed 9280K, reserved 1048576K
}
Event: 46904.900 GC heap after
{Heap after GC invocations=11020 (full 19):
 PSYoungGen      total 5120K, used 820K [0x00000007aab00000, 0x00000007ab100000, 0x0000000800000000)
  eden space 4096K, 0% used [0x00000007aab00000,0x00000007aab00000,0x00000007aaf00000)
  from space 1024K, 80% used [0x00000007aaf00000,0x00000007aafcd200,0x00000007ab000000)
  to   space 1024K, 0% used [0x00000007ab000000,0x00000007ab000000,0x00000007ab100000)
 ParOldGen       total 2019840K, used 2019825K [0x0000000700000000, 0x000000077b480000, 0x00000007aab00000)
  object space 2019840K, 99% used [0x0000000700000000,0x000000077b47c648,0x000000077b480000)
 Metaspace       used 89188K, committed 90752K, reserved 1179648K
  class space    used 8521K, committed 9280K, reserved 1048576K
}
Event: 46905.003 GC heap before
{Heap before GC invocations=11021 (full 19):
 PSYoungGen      total 5120K, used 4916K [0x00000007aab00000, 0x00000007ab100000, 0x0000000800000000)
  eden space 4096K, 100% used [0x00000007aab00000,0x00000007aaf00000,0x00000007aaf00000)
  from space 1024K, 80% used [0x00000007aaf00000,0x00000007aafcd200,0x00000007ab000000)
  to   space 1024K, 0% used [0x00000007ab000000,0x00000007ab000000,0x00000007ab100000)
 ParOldGen       total 2019840K, used 2019825K [0x0000000700000000, 0x000000077b480000, 0x00000007aab00000)
  object space 2019840K, 99% used [0x0000000700000000,0x000000077b47c648,0x000000077b480000)
 Metaspace       used 89188K, committed 90752K, reserved 1179648K
  class space    used 8521K, committed 9280K, reserved 1048576K
}
Event: 46905.009 GC heap after
{Heap after GC invocations=11021 (full 19):
 PSYoungGen      total 5120K, used 512K [0x00000007aab00000, 0x00000007ab100000, 0x0000000800000000)
  eden space 4096K, 0% used [0x00000007aab00000,0x00000007aab00000,0x00000007aaf00000)
  from space 1024K, 50% used [0x00000007ab000000,0x00000007ab080000,0x00000007ab100000)
  to   space 1024K, 0% used [0x00000007aaf00000,0x00000007aaf00000,0x00000007ab000000)
 ParOldGen       total 2020864K, used 2020517K [0x0000000700000000, 0x000000077b580000, 0x00000007aab00000)
  object space 2020864K, 99% used [0x0000000700000000,0x000000077b5294b8,0x000000077b580000)
 Metaspace       used 89188K, committed 90752K, reserved 1179648K
  class space    used 8521K, committed 9280K, reserved 1048576K
}
Event: 46905.111 GC heap before
{Heap before GC invocations=11022 (full 19):
 PSYoungGen      total 5120K, used 4608K [0x00000007aab00000, 0x00000007ab100000, 0x0000000800000000)
  eden space 4096K, 100% used [0x00000007aab00000,0x00000007aaf00000,0x00000007aaf00000)
  from space 1024K, 50% used [0x00000007ab000000,0x00000007ab080000,0x00000007ab100000)
  to   space 1024K, 0% used [0x00000007aaf00000,0x00000007aaf00000,0x00000007ab000000)
 ParOldGen       total 2020864K, used 2020517K [0x0000000700000000, 0x000000077b580000, 0x00000007aab00000)
  object space 2020864K, 99% used [0x0000000700000000,0x000000077b5294b8,0x000000077b580000)
 Metaspace       used 89188K, committed 90752K, reserved 1179648K
  class space    used 8521K, committed 9280K, reserved 1048576K
}
Event: 46905.120 GC heap after
{Heap after GC invocations=11022 (full 19):
 PSYoungGen      total 5120K, used 544K [0x00000007aab00000, 0x00000007ab100000, 0x0000000800000000)
  eden space 4096K, 0% used [0x00000007aab00000,0x00000007aab00000,0x00000007aaf00000)
  from space 1024K, 53% used [0x00000007aaf00000,0x00000007aaf88000,0x00000007ab000000)
  to   space 1024K, 0% used [0x00000007ab000000,0x00000007ab000000,0x00000007ab100000)
 ParOldGen       total 2021376K, used 2020957K [0x0000000700000000, 0x000000077b600000, 0x00000007aab00000)
  object space 2021376K, 99% used [0x0000000700000000,0x000000077b597538,0x000000077b600000)
 Metaspace       used 89188K, committed 90752K, reserved 1179648K
  class space    used 8521K, committed 9280K, reserved 1048576K
}
Event: 46905.184 GC heap before
{Heap before GC invocations=11023 (full 19):
 PSYoungGen      total 5120K, used 4640K [0x00000007aab00000, 0x00000007ab100000, 0x0000000800000000)
  eden space 4096K, 100% used [0x00000007aab00000,0x00000007aaf00000,0x00000007aaf00000)
  from space 1024K, 53% used [0x00000007aaf00000,0x00000007aaf88000,0x00000007ab000000)
  to   space 1024K, 0% used [0x00000007ab000000,0x00000007ab000000,0x00000007ab100000)
 ParOldGen       total 2021376K, used 2020957K [0x0000000700000000, 0x000000077b600000, 0x00000007aab00000)
  object space 2021376K, 99% used [0x0000000700000000,0x000000077b597538,0x000000077b600000)
 Metaspace       used 89188K, committed 90752K, reserved 1179648K
  class space    used 8521K, committed 9280K, reserved 1048576K
}
Event: 46905.190 GC heap after
{Heap after GC invocations=11023 (full 19):
 PSYoungGen      total 5120K, used 608K [0x00000007aab00000, 0x00000007ab100000, 0x0000000800000000)
  eden space 4096K, 0% used [0x00000007aab00000,0x00000007aab00000,0x00000007aaf00000)
  from space 1024K, 59% used [0x00000007ab000000,0x00000007ab098000,0x00000007ab100000)
  to   space 1024K, 0% used [0x00000007aaf00000,0x00000007aaf00000,0x00000007ab000000)
 ParOldGen       total 2021888K, used 2021389K [0x0000000700000000, 0x000000077b680000, 0x00000007aab00000)
  object space 2021888K, 99% used [0x0000000700000000,0x000000077b603578,0x000000077b680000)
 Metaspace       used 89188K, committed 90752K, reserved 1179648K
  class space    used 8521K, committed 9280K, reserved 1048576K
}
Event: 46905.549 GC heap before
{Heap before GC invocations=11024 (full 19):
 PSYoungGen      total 5120K, used 4703K [0x00000007aab00000, 0x00000007ab100000, 0x0000000800000000)
  eden space 4096K, 99% used [0x00000007aab00000,0x00000007aaefff78,0x00000007aaf00000)
  from space 1024K, 59% used [0x00000007ab000000,0x00000007ab098000,0x00000007ab100000)
  to   space 1024K, 0% used [0x00000007aaf00000,0x00000007aaf00000,0x00000007ab000000)
 ParOldGen       total 2021888K, used 2021389K [0x0000000700000000, 0x000000077b680000, 0x00000007aab00000)
  object space 2021888K, 99% used [0x0000000700000000,0x000000077b603578,0x000000077b680000)
 Metaspace       used 89194K, committed 90752K, reserved 1179648K
  class space    used 8521K, committed 9280K, reserved 1048576K
}

Dll operation events (12 events):
Event: 0.030 Loaded shared library c:\Users\jlesc\.cursor\extensions\redhat.java-1.47.0-win32-x64\jre\21.0.8-win32-x86_64\bin\java.dll
Event: 0.151 Loaded shared library c:\Users\jlesc\.cursor\extensions\redhat.java-1.47.0-win32-x64\jre\21.0.8-win32-x86_64\bin\zip.dll
Event: 0.194 Loaded shared library C:\Users\jlesc\.cursor\extensions\redhat.java-1.47.0-win32-x64\jre\21.0.8-win32-x86_64\bin\instrument.dll
Event: 0.218 Loaded shared library C:\Users\jlesc\.cursor\extensions\redhat.java-1.47.0-win32-x64\jre\21.0.8-win32-x86_64\bin\net.dll
Event: 0.225 Loaded shared library C:\Users\jlesc\.cursor\extensions\redhat.java-1.47.0-win32-x64\jre\21.0.8-win32-x86_64\bin\nio.dll
Event: 0.230 Loaded shared library C:\Users\jlesc\.cursor\extensions\redhat.java-1.47.0-win32-x64\jre\21.0.8-win32-x86_64\bin\zip.dll
Event: 0.291 Loaded shared library C:\Users\jlesc\.cursor\extensions\redhat.java-1.47.0-win32-x64\jre\21.0.8-win32-x86_64\bin\jimage.dll
Event: 0.487 Loaded shared library c:\Users\jlesc\.cursor\extensions\redhat.java-1.47.0-win32-x64\jre\21.0.8-win32-x86_64\bin\verify.dll
Event: 12.309 Loaded shared library C:\Users\jlesc\AppData\Roaming\Cursor\User\globalStorage\redhat.java\1.47.0\config_win\org.eclipse.equinox.launcher\org.eclipse.equinox.launcher.win32.win32.x86_64_1.2.1400.v20250801-0854\eclipse_11916.dll
Event: 25.161 Loaded shared library C:\Users\jlesc\AppData\Local\Temp\jna-101211379\jna1495265717642519459.dll
Event: 28.177 Loaded shared library C:\Users\jlesc\.cursor\extensions\redhat.java-1.47.0-win32-x64\jre\21.0.8-win32-x86_64\bin\sunmscapi.dll
Event: 28.365 Loaded shared library C:\Users\jlesc\.cursor\extensions\redhat.java-1.47.0-win32-x64\jre\21.0.8-win32-x86_64\bin\extnet.dll

Deoptimization events (20 events):
Event: 46897.186 Thread 0x000001ea84d625b0 Uncommon trap: trap_request=0xffffff45 fr.pc=0x000001eaa8d9c4f8 relative=0x0000000000000ad8
Event: 46897.187 Thread 0x000001ea84d625b0 Uncommon trap: reason=unstable_if action=reinterpret pc=0x000001eaa8d9c4f8 method=org.eclipse.jdt.internal.compiler.lookup.InferenceContext18.getParameter([Lorg/eclipse/jdt/internal/compiler/lookup/TypeBinding;IZ)Lorg/eclipse/jdt/internal/compiler/lookup/
Event: 46897.187 Thread 0x000001ea84d625b0 DEOPT PACKING pc=0x000001eaa8d9c4f8 sp=0x000000b0cd8fe670
Event: 46897.187 Thread 0x000001ea84d625b0 DEOPT UNPACKING pc=0x000001eaa76b6da2 sp=0x000000b0cd8fe580 mode 2
Event: 46897.187 Thread 0x000001ea84d625b0 Uncommon trap: trap_request=0xffffff45 fr.pc=0x000001eaa90936f4 relative=0x00000000000000b4
Event: 46897.187 Thread 0x000001ea84d625b0 Uncommon trap: reason=unstable_if action=reinterpret pc=0x000001eaa90936f4 method=org.eclipse.jdt.internal.compiler.lookup.InferenceContext18.getParameter([Lorg/eclipse/jdt/internal/compiler/lookup/TypeBinding;IZ)Lorg/eclipse/jdt/internal/compiler/lookup/
Event: 46897.187 Thread 0x000001ea84d625b0 DEOPT PACKING pc=0x000001eaa90936f4 sp=0x000000b0cd8fe5e0
Event: 46897.190 Thread 0x000001ea84d625b0 DEOPT UNPACKING pc=0x000001eaa76b6da2 sp=0x000000b0cd8fe578 mode 2
Event: 46897.209 Thread 0x000001ea84d625b0 Uncommon trap: trap_request=0xffffff45 fr.pc=0x000001eaa90de7c0 relative=0x00000000000004a0
Event: 46897.209 Thread 0x000001ea84d625b0 Uncommon trap: reason=unstable_if action=reinterpret pc=0x000001eaa90de7c0 method=org.eclipse.jdt.internal.compiler.codegen.CodeStream.ldcForIndex(I)V @ 111 c2
Event: 46897.209 Thread 0x000001ea84d625b0 DEOPT PACKING pc=0x000001eaa90de7c0 sp=0x000000b0cd8fe6c0
Event: 46897.210 Thread 0x000001ea84d625b0 DEOPT UNPACKING pc=0x000001eaa76b6da2 sp=0x000000b0cd8fe5a8 mode 2
Event: 46898.974 Thread 0x000001ea80595b50 Uncommon trap: trap_request=0xffffff45 fr.pc=0x000001eaa81f75c0 relative=0x00000000000016a0
Event: 46898.974 Thread 0x000001ea80595b50 Uncommon trap: reason=unstable_if action=reinterpret pc=0x000001eaa81f75c0 method=org.eclipse.core.internal.watson.ElementTree.getElementData(Lorg/eclipse/core/runtime/IPath;)Ljava/lang/Object; @ 21 c2
Event: 46898.974 Thread 0x000001ea80595b50 DEOPT PACKING pc=0x000001eaa81f75c0 sp=0x000000b0cdbfeb10
Event: 46898.974 Thread 0x000001ea80595b50 DEOPT UNPACKING pc=0x000001eaa76b6da2 sp=0x000000b0cdbfe978 mode 2
Event: 46899.402 Thread 0x000001ea82f38b90 Uncommon trap: trap_request=0xffffffc6 fr.pc=0x000001eaa8fc46f0 relative=0x00000000000008b0
Event: 46899.402 Thread 0x000001ea82f38b90 Uncommon trap: reason=bimorphic_or_optimized_type_check action=maybe_recompile pc=0x000001eaa8fc46f0 method=org.eclipse.core.internal.resources.Resource.isFilteredWithException(Z)Z @ 8 c2
Event: 46899.402 Thread 0x000001ea82f38b90 DEOPT PACKING pc=0x000001eaa8fc46f0 sp=0x000000b0cecfed90
Event: 46899.402 Thread 0x000001ea82f38b90 DEOPT UNPACKING pc=0x000001eaa76b6da2 sp=0x000000b0cecfed58 mode 2

Classes loaded (20 events):
Event: 41847.549 Loading class jdk/internal/module/IllegalAccessLogger
Event: 41847.549 Loading class jdk/internal/module/IllegalAccessLogger done
Event: 41847.652 Loading class jdk/internal/module/IllegalAccessLogger
Event: 41847.652 Loading class jdk/internal/module/IllegalAccessLogger done
Event: 46459.986 Loading class jdk/internal/module/IllegalAccessLogger
Event: 46459.986 Loading class jdk/internal/module/IllegalAccessLogger done
Event: 46460.832 Loading class jdk/internal/module/IllegalAccessLogger
Event: 46460.832 Loading class jdk/internal/module/IllegalAccessLogger done
Event: 46472.081 Loading class jdk/internal/module/IllegalAccessLogger
Event: 46472.081 Loading class jdk/internal/module/IllegalAccessLogger done
Event: 46472.660 Loading class jdk/internal/module/IllegalAccessLogger
Event: 46472.660 Loading class jdk/internal/module/IllegalAccessLogger done
Event: 46892.123 Loading class jdk/internal/module/IllegalAccessLogger
Event: 46892.124 Loading class jdk/internal/module/IllegalAccessLogger done
Event: 46894.972 Loading class jdk/internal/module/IllegalAccessLogger
Event: 46894.972 Loading class jdk/internal/module/IllegalAccessLogger done
Event: 46900.256 Loading class jdk/internal/module/IllegalAccessLogger
Event: 46900.256 Loading class jdk/internal/module/IllegalAccessLogger done
Event: 46901.070 Loading class jdk/internal/module/IllegalAccessLogger
Event: 46901.070 Loading class jdk/internal/module/IllegalAccessLogger done

Classes unloaded (20 events):
Event: 33183.310 Thread 0x000001eab83035f0 Unloading class 0x000001eaba16f800 'java/lang/invoke/LambdaForm$MH+0x000001eaba16f800'
Event: 33183.310 Thread 0x000001eab83035f0 Unloading class 0x000001eaba01f800 'java/lang/invoke/LambdaForm$MH+0x000001eaba01f800'
Event: 33183.310 Thread 0x000001eab83035f0 Unloading class 0x000001eaba01e800 'java/lang/invoke/LambdaForm$MH+0x000001eaba01e800'
Event: 33183.310 Thread 0x000001eab83035f0 Unloading class 0x000001eaba01e400 'java/lang/invoke/LambdaForm$MH+0x000001eaba01e400'
Event: 33183.311 Thread 0x000001eab83035f0 Unloading class 0x000001eaba01dc00 'java/lang/invoke/LambdaForm$MH+0x000001eaba01dc00'
Event: 33183.311 Thread 0x000001eab83035f0 Unloading class 0x000001eaba01d400 'java/lang/invoke/LambdaForm$MH+0x000001eaba01d400'
Event: 40476.439 Thread 0x000001eab83035f0 Unloading class 0x000001eaba108c00 'java/lang/invoke/LambdaForm$MH+0x000001eaba108c00'
Event: 40476.441 Thread 0x000001eab83035f0 Unloading class 0x000001eaba170000 'java/lang/invoke/LambdaForm$MH+0x000001eaba170000'
Event: 40476.441 Thread 0x000001eab83035f0 Unloading class 0x000001eaba22a400 'java/lang/invoke/LambdaForm$MH+0x000001eaba22a400'
Event: 40476.441 Thread 0x000001eab83035f0 Unloading class 0x000001eaba232400 'java/lang/invoke/LambdaForm$MH+0x000001eaba232400'
Event: 40476.441 Thread 0x000001eab83035f0 Unloading class 0x000001eaba239c00 'java/lang/invoke/LambdaForm$MH+0x000001eaba239c00'
Event: 40476.441 Thread 0x000001eab83035f0 Unloading class 0x000001eaba23a400 'java/lang/invoke/LambdaForm$MH+0x000001eaba23a400'
Event: 40476.442 Thread 0x000001eab83035f0 Unloading class 0x000001eaba6a0400 'java/lang/invoke/LambdaForm$BMH+0x000001eaba6a0400'
Event: 40657.360 Thread 0x000001eab83035f0 Unloading class 0x000001eaba8d7000 'java/lang/invoke/LambdaForm$MH+0x000001eaba8d7000'
Event: 40657.360 Thread 0x000001eab83035f0 Unloading class 0x000001eaba8d5c00 'java/lang/invoke/LambdaForm$MH+0x000001eaba8d5c00'
Event: 40657.360 Thread 0x000001eab83035f0 Unloading class 0x000001eaba8d5800 'java/lang/invoke/LambdaForm$MH+0x000001eaba8d5800'
Event: 40657.360 Thread 0x000001eab83035f0 Unloading class 0x000001eaba8d5400 'java/lang/invoke/LambdaForm$MH+0x000001eaba8d5400'
Event: 40657.360 Thread 0x000001eab83035f0 Unloading class 0x000001eaba8d5000 'java/lang/invoke/LambdaForm$MH+0x000001eaba8d5000'
Event: 40657.360 Thread 0x000001eab83035f0 Unloading class 0x000001eaba0b4c00 'java/lang/invoke/LambdaForm$MH+0x000001eaba0b4c00'
Event: 40657.360 Thread 0x000001eab83035f0 Unloading class 0x000001eaba16e000 'java/lang/invoke/LambdaForm$MH+0x000001eaba16e000'

Classes redefined (0 events):
No events

Internal exceptions (20 events):
Event: 46894.528 Thread 0x000001ea824a11a0 Exception <a 'sun/nio/fs/WindowsException'{0x00000007aaf03c38}> (0x00000007aaf03c38) 
thrown [s\src\hotspot\share\prims\jni.cpp, line 520]
Event: 46894.528 Thread 0x000001ea84d660c0 Exception <a 'sun/nio/fs/WindowsException'{0x00000007aaf046c0}> (0x00000007aaf046c0) 
thrown [s\src\hotspot\share\prims\jni.cpp, line 520]
Event: 46894.528 Thread 0x000001ea824a0480 Exception <a 'sun/nio/fs/WindowsException'{0x00000007aaf05108}> (0x00000007aaf05108) 
thrown [s\src\hotspot\share\prims\jni.cpp, line 520]
Event: 46894.528 Thread 0x000001ea84d660c0 Exception <a 'sun/nio/fs/WindowsException'{0x00000007aaf072f8}> (0x00000007aaf072f8) 
thrown [s\src\hotspot\share\prims\jni.cpp, line 520]
Event: 46894.529 Thread 0x000001ea824a0480 Exception <a 'sun/nio/fs/WindowsException'{0x00000007aaf08bb8}> (0x00000007aaf08bb8) 
thrown [s\src\hotspot\share\prims\jni.cpp, line 520]
Event: 46894.529 Thread 0x000001ea824a2be0 Exception <a 'sun/nio/fs/WindowsException'{0x00000007aaf099d0}> (0x00000007aaf099d0) 
thrown [s\src\hotspot\share\prims\jni.cpp, line 520]
Event: 46895.338 Thread 0x000001ea84d64680 Exception <a 'sun/nio/fs/WindowsException'{0x00000007aaf96a80}> (0x00000007aaf96a80) 
thrown [s\src\hotspot\share\prims\jni.cpp, line 520]
Event: 46895.338 Thread 0x000001ea84d64680 Exception <a 'sun/nio/fs/WindowsException'{0x00000007aaf97098}> (0x00000007aaf97098) 
thrown [s\src\hotspot\share\prims\jni.cpp, line 520]
Event: 46895.910 Thread 0x000001ea80595b50 Exception <a 'sun/nio/fs/WindowsException'{0x00000007aabba540}> (0x00000007aabba540) 
thrown [s\src\hotspot\share\prims\jni.cpp, line 520]
Event: 46896.871 Thread 0x000001ea82f38b90 Implicit null exception at 0x000001eaa8716281 to 0x000001eaa8716d38
Event: 46896.873 Thread 0x000001ea82f38b90 Implicit null exception at 0x000001eaa905ddae to 0x000001eaa905e090
Event: 46897.714 Thread 0x000001ea80595b50 Exception <a 'sun/nio/fs/WindowsException'{0x00000007aab19968}> (0x00000007aab19968) 
thrown [s\src\hotspot\share\prims\jni.cpp, line 520]
Event: 46898.974 Thread 0x000001ea80595b50 Implicit null exception at 0x000001eaa81f658d to 0x000001eaa81f759c
Event: 46901.600 Thread 0x000001ea84d625b0 Exception <a 'sun/nio/fs/WindowsException'{0x00000007aac222b0}> (0x00000007aac222b0) 
thrown [s\src\hotspot\share\prims\jni.cpp, line 520]
Event: 46901.603 Thread 0x000001ea84d625b0 Exception <a 'sun/nio/fs/WindowsException'{0x00000007aac23a48}> (0x00000007aac23a48) 
thrown [s\src\hotspot\share\prims\jni.cpp, line 520]
Event: 46901.605 Thread 0x000001ea84d625b0 Exception <a 'sun/nio/fs/WindowsException'{0x00000007aac25120}> (0x00000007aac25120) 
thrown [s\src\hotspot\share\prims\jni.cpp, line 520]
Event: 46901.606 Thread 0x000001ea84d625b0 Exception <a 'sun/nio/fs/WindowsException'{0x00000007aac2a750}> (0x00000007aac2a750) 
thrown [s\src\hotspot\share\prims\jni.cpp, line 520]
Event: 46901.608 Thread 0x000001ea84d625b0 Exception <a 'sun/nio/fs/WindowsException'{0x00000007aac2bec0}> (0x00000007aac2bec0) 
thrown [s\src\hotspot\share\prims\jni.cpp, line 520]
Event: 46901.614 Thread 0x000001ea84d625b0 Exception <a 'sun/nio/fs/WindowsException'{0x00000007aac2d378}> (0x00000007aac2d378) 
thrown [s\src\hotspot\share\prims\jni.cpp, line 520]
Event: 46901.672 Thread 0x000001ea80595b50 Exception <a 'sun/nio/fs/WindowsException'{0x00000007aaca0ef0}> (0x00000007aaca0ef0) 
thrown [s\src\hotspot\share\prims\jni.cpp, line 520]

ZGC Phase Switch (0 events):
No events

VM Operations (20 events):
Event: 46904.384 Executing VM operation: ParallelGCFailedAllocation (Allocation Failure) done
Event: 46904.412 Executing VM operation: ParallelGCFailedAllocation (Allocation Failure)
Event: 46904.421 Executing VM operation: ParallelGCFailedAllocation (Allocation Failure) done
Event: 46904.522 Executing VM operation: ParallelGCFailedAllocation (Allocation Failure)
Event: 46904.529 Executing VM operation: ParallelGCFailedAllocation (Allocation Failure) done
Event: 46904.552 Executing VM operation: ParallelGCFailedAllocation (Allocation Failure)
Event: 46904.559 Executing VM operation: ParallelGCFailedAllocation (Allocation Failure) done
Event: 46904.621 Executing VM operation: ParallelGCFailedAllocation (Allocation Failure)
Event: 46904.629 Executing VM operation: ParallelGCFailedAllocation (Allocation Failure) done
Event: 46904.686 Executing VM operation: ParallelGCFailedAllocation (Allocation Failure)
Event: 46904.693 Executing VM operation: ParallelGCFailedAllocation (Allocation Failure) done
Event: 46904.804 Executing VM operation: ParallelGCFailedAllocation (Allocation Failure)
Event: 46904.900 Executing VM operation: ParallelGCFailedAllocation (Allocation Failure) done
Event: 46904.995 Executing VM operation: ParallelGCFailedAllocation (Allocation Failure)
Event: 46905.010 Executing VM operation: ParallelGCFailedAllocation (Allocation Failure) done
Event: 46905.073 Executing VM operation: ParallelGCFailedAllocation (Allocation Failure)
Event: 46905.120 Executing VM operation: ParallelGCFailedAllocation (Allocation Failure) done
Event: 46905.184 Executing VM operation: ParallelGCFailedAllocation (Allocation Failure)
Event: 46905.190 Executing VM operation: ParallelGCFailedAllocation (Allocation Failure) done
Event: 46905.549 Executing VM operation: ParallelGCFailedAllocation (Allocation Failure)

Memory protections (0 events):
No events

Nmethod flushes (20 events):
Event: 41277.610 Thread 0x000001eab83035f0 flushing  nmethod 0x000001eaa2c58b10
Event: 41277.610 Thread 0x000001eab83035f0 flushing  nmethod 0x000001eaa2cb8010
Event: 41277.610 Thread 0x000001eab83035f0 flushing  nmethod 0x000001eaa2cbe290
Event: 41277.610 Thread 0x000001eab83035f0 flushing  nmethod 0x000001eaa2cbfd10
Event: 41277.610 Thread 0x000001eab83035f0 flushing  nmethod 0x000001eaa2d17d90
Event: 41277.610 Thread 0x000001eab83035f0 flushing  nmethod 0x000001eaa2d3a990
Event: 41277.610 Thread 0x000001eab83035f0 flushing  nmethod 0x000001eaa2d86f90
Event: 41277.610 Thread 0x000001eab83035f0 flushing  nmethod 0x000001eaa2dd5710
Event: 41277.610 Thread 0x000001eab83035f0 flushing  nmethod 0x000001eaa2dfba10
Event: 41277.610 Thread 0x000001eab83035f0 flushing  nmethod 0x000001eaa2dfc090
Event: 41277.610 Thread 0x000001eab83035f0 flushing  nmethod 0x000001eaa2dfdb90
Event: 41277.610 Thread 0x000001eab83035f0 flushing  nmethod 0x000001eaa2e27690
Event: 41277.610 Thread 0x000001eab83035f0 flushing  nmethod 0x000001eaa2e2a410
Event: 41277.610 Thread 0x000001eab83035f0 flushing  nmethod 0x000001eaa2e2b790
Event: 41277.610 Thread 0x000001eab83035f0 flushing  nmethod 0x000001eaa2eb2d10
Event: 41277.610 Thread 0x000001eab83035f0 flushing  nmethod 0x000001eaa2ebb490
Event: 41277.610 Thread 0x000001eab83035f0 flushing  nmethod 0x000001eaa2ece310
Event: 41277.610 Thread 0x000001eab83035f0 flushing  nmethod 0x000001eaa2eff210
Event: 41277.610 Thread 0x000001eab83035f0 flushing  nmethod 0x000001eaa2f02d10
Event: 41277.610 Thread 0x000001eab83035f0 flushing  nmethod 0x000001eaa2f3ca10

Events (20 events):
Event: 46873.138 Thread 0x000001ea84d625b0 Thread added: 0x000001ea84d68eb0
Event: 46874.098 Thread 0x000001ea84d64680 Thread added: 0x000001ea84d65a30
Event: 46874.120 Thread 0x000001ea84d65a30 Thread added: 0x000001ea84d68820
Event: 46875.149 Thread 0x000001ea84d64680 Thread added: 0x000001ea84d67470
Event: 46875.159 Thread 0x000001ea84d67470 Thread added: 0x000001ea84d69540
Event: 46875.225 Thread 0x000001ea84d67470 Thread added: 0x000001ea84d660c0
Event: 46875.226 Thread 0x000001ea84d69540 Thread added: 0x000001ea84d66750
Event: 46875.227 Thread 0x000001ea84d69540 Thread added: 0x000001ea824a2be0
Event: 46875.227 Thread 0x000001ea84d69540 Thread added: 0x000001ea8249fdf0
Event: 46875.227 Thread 0x000001ea84d69540 Thread added: 0x000001ea824a11a0
Event: 46875.229 Thread 0x000001ea84d69540 Thread added: 0x000001ea824a0480
Event: 46892.128 Thread 0x000001ea84d64680 Thread added: 0x000001ea8249f760
Event: 46892.157 Thread 0x000001eaff008070 Thread added: 0x000001ea80b527c0
Event: 46892.207 Thread 0x000001ea84d64680 Thread added: 0x000001ea824a3f90
Event: 46892.225 Thread 0x000001ea84d64680 Thread added: 0x000001ea824a1830
Event: 46892.248 Thread 0x000001ea84d64680 Thread added: 0x000001ea824a0b10
Event: 46892.258 Thread 0x000001ea84d64680 Thread added: 0x000001ea824a4620
Event: 46892.295 Thread 0x000001ea84d64680 Thread added: 0x000001ea824a5340
Event: 46892.304 Thread 0x000001ea84d64680 Thread added: 0x000001ea824a6060
Event: 46892.305 Thread 0x000001ea80b527c0 Thread exited: 0x000001ea80b527c0


Dynamic libraries:
0x00007ff788050000 - 0x00007ff78805e000 	c:\Users\jlesc\.cursor\extensions\redhat.java-1.47.0-win32-x64\jre\21.0.8-win32-x86_64\bin\java.exe
0x00007fff8f700000 - 0x00007fff8f968000 	C:\WINDOWS\SYSTEM32\ntdll.dll
0x00007fff8e980000 - 0x00007fff8ea49000 	C:\WINDOWS\System32\KERNEL32.DLL
0x00007fff8ccd0000 - 0x00007fff8d0c2000 	C:\WINDOWS\System32\KERNELBASE.dll
0x00007fff8c950000 - 0x00007fff8ca9b000 	C:\WINDOWS\System32\ucrtbase.dll
0x00007fff79330000 - 0x00007fff79348000 	c:\Users\jlesc\.cursor\extensions\redhat.java-1.47.0-win32-x64\jre\21.0.8-win32-x86_64\bin\jli.dll
0x00007fff8d6f0000 - 0x00007fff8d8b5000 	C:\WINDOWS\System32\USER32.dll
0x00007fff8c890000 - 0x00007fff8c8b7000 	C:\WINDOWS\System32\win32u.dll
0x00007fff8ecb0000 - 0x00007fff8ecdb000 	C:\WINDOWS\System32\GDI32.dll
0x00007fff8d170000 - 0x00007fff8d29d000 	C:\WINDOWS\System32\gdi32full.dll
0x00007fff8caa0000 - 0x00007fff8cb43000 	C:\WINDOWS\System32\msvcp_win.dll
0x00007fff71010000 - 0x00007fff7102e000 	c:\Users\jlesc\.cursor\extensions\redhat.java-1.47.0-win32-x64\jre\21.0.8-win32-x86_64\bin\VCRUNTIME140.dll
0x00007fff71dd0000 - 0x00007fff72063000 	C:\WINDOWS\WinSxS\amd64_microsoft.windows.common-controls_6595b64144ccf1df_6.0.26100.6899_none_3e0efeeae32e88c1\COMCTL32.dll
0x00007fff8e4d0000 - 0x00007fff8e579000 	C:\WINDOWS\System32\msvcrt.dll
0x00007fff8edc0000 - 0x00007fff8edef000 	C:\WINDOWS\System32\IMM32.DLL
0x00007fff86e00000 - 0x00007fff86e0c000 	c:\Users\jlesc\.cursor\extensions\redhat.java-1.47.0-win32-x64\jre\21.0.8-win32-x86_64\bin\vcruntime140_1.dll
0x00007fff07a60000 - 0x00007fff07aed000 	c:\Users\jlesc\.cursor\extensions\redhat.java-1.47.0-win32-x64\jre\21.0.8-win32-x86_64\bin\msvcp140.dll
0x00007ffebd120000 - 0x00007ffebdeb7000 	c:\Users\jlesc\.cursor\extensions\redhat.java-1.47.0-win32-x64\jre\21.0.8-win32-x86_64\bin\server\jvm.dll
0x00007fff8e0d0000 - 0x00007fff8e184000 	C:\WINDOWS\System32\ADVAPI32.dll
0x00007fff8ecf0000 - 0x00007fff8ed96000 	C:\WINDOWS\System32\sechost.dll
0x00007fff8d4d0000 - 0x00007fff8d5e8000 	C:\WINDOWS\System32\RPCRT4.dll
0x00007fff8d5f0000 - 0x00007fff8d664000 	C:\WINDOWS\System32\WS2_32.dll
0x00007fff8c6f0000 - 0x00007fff8c74e000 	C:\WINDOWS\SYSTEM32\POWRPROF.dll
0x00007fff73d60000 - 0x00007fff73d95000 	C:\WINDOWS\SYSTEM32\WINMM.dll
0x00007fff7cfb0000 - 0x00007fff7cfbb000 	C:\WINDOWS\SYSTEM32\VERSION.dll
0x00007fff8c6d0000 - 0x00007fff8c6e4000 	C:\WINDOWS\SYSTEM32\UMPDC.dll
0x00007fff8b660000 - 0x00007fff8b67b000 	C:\WINDOWS\SYSTEM32\kernel.appcore.dll
0x00007fff86d80000 - 0x00007fff86d8a000 	c:\Users\jlesc\.cursor\extensions\redhat.java-1.47.0-win32-x64\jre\21.0.8-win32-x86_64\bin\jimage.dll
0x00007fff89c40000 - 0x00007fff89e82000 	C:\WINDOWS\SYSTEM32\DBGHELP.DLL
0x00007fff8d8c0000 - 0x00007fff8dc3b000 	C:\WINDOWS\System32\combase.dll
0x00007fff8e820000 - 0x00007fff8e8f7000 	C:\WINDOWS\System32\OLEAUT32.dll
0x00007fff6f950000 - 0x00007fff6f98c000 	C:\WINDOWS\SYSTEM32\dbgcore.DLL
0x00007fff8d0d0000 - 0x00007fff8d168000 	C:\WINDOWS\System32\bcryptPrimitives.dll
0x00007fff7b340000 - 0x00007fff7b34f000 	c:\Users\jlesc\.cursor\extensions\redhat.java-1.47.0-win32-x64\jre\21.0.8-win32-x86_64\bin\instrument.dll
0x00007fff65160000 - 0x00007fff6517f000 	c:\Users\jlesc\.cursor\extensions\redhat.java-1.47.0-win32-x64\jre\21.0.8-win32-x86_64\bin\java.dll
0x00007fff8ef70000 - 0x00007fff8f6bd000 	C:\WINDOWS\System32\SHELL32.dll
0x00007fff8d2a0000 - 0x00007fff8d40b000 	C:\WINDOWS\System32\wintypes.dll
0x00007fff8a4b0000 - 0x00007fff8ad0d000 	C:\WINDOWS\SYSTEM32\windows.storage.dll
0x00007fff8ee70000 - 0x00007fff8ef62000 	C:\WINDOWS\System32\SHCORE.dll
0x00007fff8e720000 - 0x00007fff8e782000 	C:\WINDOWS\System32\shlwapi.dll
0x00007fff8c7b0000 - 0x00007fff8c7d9000 	C:\WINDOWS\SYSTEM32\profapi.dll
0x00007fff54b00000 - 0x00007fff54b18000 	c:\Users\jlesc\.cursor\extensions\redhat.java-1.47.0-win32-x64\jre\21.0.8-win32-x86_64\bin\zip.dll
0x00007fff7a910000 - 0x00007fff7a920000 	C:\Users\jlesc\.cursor\extensions\redhat.java-1.47.0-win32-x64\jre\21.0.8-win32-x86_64\bin\net.dll
0x00007fff83cf0000 - 0x00007fff83e0f000 	C:\WINDOWS\SYSTEM32\WINHTTP.dll
0x00007fff8bbd0000 - 0x00007fff8bc3b000 	C:\WINDOWS\system32\mswsock.dll
0x00007fff4fc50000 - 0x00007fff4fc66000 	C:\Users\jlesc\.cursor\extensions\redhat.java-1.47.0-win32-x64\jre\21.0.8-win32-x86_64\bin\nio.dll
0x00007fff797e0000 - 0x00007fff797f0000 	c:\Users\jlesc\.cursor\extensions\redhat.java-1.47.0-win32-x64\jre\21.0.8-win32-x86_64\bin\verify.dll
0x00007fff5d4b0000 - 0x00007fff5d4f4000 	C:\Users\jlesc\AppData\Roaming\Cursor\User\globalStorage\redhat.java\1.47.0\config_win\org.eclipse.equinox.launcher\org.eclipse.equinox.launcher.win32.win32.x86_64_1.2.1400.v20250801-0854\eclipse_11916.dll
0x00007fff8e580000 - 0x00007fff8e718000 	C:\WINDOWS\System32\ole32.dll
0x00007fff8be80000 - 0x00007fff8be9b000 	C:\WINDOWS\SYSTEM32\CRYPTSP.dll
0x00007fff8b5c0000 - 0x00007fff8b5fb000 	C:\WINDOWS\system32\rsaenh.dll
0x00007fff8bc70000 - 0x00007fff8bc9b000 	C:\WINDOWS\SYSTEM32\USERENV.dll
0x00007fff8c780000 - 0x00007fff8c7a6000 	C:\WINDOWS\SYSTEM32\bcrypt.dll
0x00007fff8bea0000 - 0x00007fff8beac000 	C:\WINDOWS\SYSTEM32\CRYPTBASE.dll
0x00007fff8b080000 - 0x00007fff8b0b4000 	C:\WINDOWS\SYSTEM32\IPHLPAPI.DLL
0x00007fff8ee00000 - 0x00007fff8ee0a000 	C:\WINDOWS\System32\NSI.dll
0x00007fff14680000 - 0x00007fff146c9000 	C:\Users\jlesc\AppData\Local\Temp\jna-101211379\jna1495265717642519459.dll
0x00007fff8e7c0000 - 0x00007fff8e7c8000 	C:\WINDOWS\System32\PSAPI.DLL
0x00007fff83e90000 - 0x00007fff83eae000 	C:\WINDOWS\SYSTEM32\dhcpcsvc6.DLL
0x00007fff83e60000 - 0x00007fff83e83000 	C:\WINDOWS\SYSTEM32\dhcpcsvc.DLL
0x00007fff7b270000 - 0x00007fff7b27e000 	C:\Users\jlesc\.cursor\extensions\redhat.java-1.47.0-win32-x64\jre\21.0.8-win32-x86_64\bin\sunmscapi.dll
0x00007fff8cb50000 - 0x00007fff8ccc7000 	C:\WINDOWS\System32\CRYPT32.dll
0x00007fff8c0a0000 - 0x00007fff8c0d0000 	C:\WINDOWS\SYSTEM32\ncrypt.dll
0x00007fff8c050000 - 0x00007fff8c08f000 	C:\WINDOWS\SYSTEM32\NTASN1.dll
0x00007fff8b120000 - 0x00007fff8b246000 	C:\WINDOWS\SYSTEM32\DNSAPI.dll
0x00007fff7fe50000 - 0x00007fff7fe5b000 	C:\Windows\System32\rasadhlp.dll
0x00007fff860f0000 - 0x00007fff86176000 	C:\WINDOWS\System32\fwpuclnt.dll
0x00007fff86ed0000 - 0x00007fff86ed9000 	C:\Users\jlesc\.cursor\extensions\redhat.java-1.47.0-win32-x64\jre\21.0.8-win32-x86_64\bin\extnet.dll
0x00007fff8b780000 - 0x00007fff8b7b6000 	C:\WINDOWS\SYSTEM32\ntmarta.dll

JVMTI agents:
c:\Users\jlesc\.cursor\extensions\redhat.java-1.47.0-win32-x64\lombok\lombok-1.18.39-4050.jar path:c:\Users\jlesc\.cursor\extensions\redhat.java-1.47.0-win32-x64\jre\21.0.8-win32-x86_64\bin\instrument.dll, loaded, initialized, instrumentlib options:none

dbghelp: loaded successfully - version: 4.0.5 - missing functions: none
symbol engine: initialized successfully - sym options: 0x614 - pdb path: .;c:\Users\jlesc\.cursor\extensions\redhat.java-1.47.0-win32-x64\jre\21.0.8-win32-x86_64\bin;C:\WINDOWS\SYSTEM32;C:\WINDOWS\WinSxS\amd64_microsoft.windows.common-controls_6595b64144ccf1df_6.0.26100.6899_none_3e0efeeae32e88c1;c:\Users\jlesc\.cursor\extensions\redhat.java-1.47.0-win32-x64\jre\21.0.8-win32-x86_64\bin\server;C:\Users\jlesc\AppData\Roaming\Cursor\User\globalStorage\redhat.java\1.47.0\config_win\org.eclipse.equinox.launcher\org.eclipse.equinox.launcher.win32.win32.x86_64_1.2.1400.v20250801-0854;C:\Users\jlesc\AppData\Local\Temp\jna-101211379

VM Arguments:
jvm_args: --add-modules=ALL-SYSTEM --add-opens=java.base/java.util=ALL-UNNAMED --add-opens=java.base/java.lang=ALL-UNNAMED --add-opens=java.base/sun.nio.fs=ALL-UNNAMED -Declipse.application=org.eclipse.jdt.ls.core.id1 -Dosgi.bundles.defaultStartLevel=4 -Declipse.product=org.eclipse.jdt.ls.core.product -Djava.import.generatesMetadataFilesAtProjectRoot=false -DDetectVMInstallationsJob.disabled=true -Dfile.encoding=utf8 -XX:+UseParallelGC -XX:GCTimeRatio=4 -XX:AdaptiveSizePolicyWeight=90 -Dsun.zip.disableMemoryMapping=true -Xmx4G -Xms100m -Xlog:disable -javaagent:c:\Users\jlesc\.cursor\extensions\redhat.java-1.47.0-win32-x64\lombok\lombok-1.18.39-4050.jar -XX:+HeapDumpOnOutOfMemoryError -XX:HeapDumpPath=c:\Users\jlesc\AppData\Roaming\Cursor\User\workspaceStorage\daf79fc009b035c0b4011d658dfa5639\redhat.java -Daether.dependencyCollector.impl=bf 
java_command: c:\Users\jlesc\.cursor\extensions\redhat.java-1.47.0-win32-x64\server\plugins\org.eclipse.equinox.launcher_1.7.100.v20251014-1222.jar -configuration c:\Users\jlesc\AppData\Roaming\Cursor\User\globalStorage\redhat.java\1.47.0\config_win -data c:\Users\jlesc\AppData\Roaming\Cursor\User\workspaceStorage\daf79fc009b035c0b4011d658dfa5639\redhat.java\jdt_ws --pipe=\\.\pipe\lsp-5c333aec9231375b55fbb1da5f949bfa-sock
java_class_path (initial): c:\Users\jlesc\.cursor\extensions\redhat.java-1.47.0-win32-x64\server\plugins\org.eclipse.equinox.launcher_1.7.100.v20251014-1222.jar
Launcher Type: SUN_STANDARD

[Global flags]
    uintx AdaptiveSizePolicyWeight                 = 90                                        {product} {command line}
     intx CICompilerCount                          = 4                                         {product} {ergonomic}
    uintx GCTimeRatio                              = 4                                         {product} {command line}
     bool HeapDumpOnOutOfMemoryError               = true                                   {manageable} {command line}
    ccstr HeapDumpPath                             = c:\Users\jlesc\AppData\Roaming\Cursor\User\workspaceStorage\daf79fc009b035c0b4011d658dfa5639\redhat.java         {manageable} {command line}
   size_t InitialHeapSize                          = 104857600                                 {product} {command line}
   size_t MaxHeapSize                              = 4294967296                                {product} {command line}
   size_t MaxNewSize                               = 1431306240                                {product} {ergonomic}
   size_t MinHeapDeltaBytes                        = 524288                                    {product} {ergonomic}
   size_t MinHeapSize                              = 104857600                                 {product} {command line}
   size_t NewSize                                  = 34603008                                  {product} {ergonomic}
    uintx NonNMethodCodeHeapSize                   = 5839372                                {pd product} {ergonomic}
    uintx NonProfiledCodeHeapSize                  = 122909434                              {pd product} {ergonomic}
   size_t OldSize                                  = 70254592                                  {product} {ergonomic}
    uintx ProfiledCodeHeapSize                     = 122909434                              {pd product} {ergonomic}
    uintx ReservedCodeCacheSize                    = 251658240                              {pd product} {ergonomic}
     bool SegmentedCodeCache                       = true                                      {product} {ergonomic}
   size_t SoftMaxHeapSize                          = 4294967296                             {manageable} {ergonomic}
     bool UseCompressedOops                        = true                           {product lp64_product} {ergonomic}
     bool UseLargePagesIndividualAllocation        = false                                  {pd product} {ergonomic}
     bool UseParallelGC                            = true                                      {product} {command line}

Logging:
Log output configuration:
 #0: stdout all=off uptime,level,tags foldmultilines=false
 #1: stderr all=off uptime,level,tags foldmultilines=false

Environment Variables:
JAVA_HOME=D:\Program Files\Java\jdk-25\
PATH=C:\Program Files\Common Files\Oracle\Java\javapath;C:\Program Files\Eclipse Adoptium\jdk-17.0.15.6-hotspot\bin;C:\Windows\System32\HWAudioDriverLibs;C:\Windows\system32;C:\Windows;C:\Windows\System32\Wbem;C:\Windows\System32\WindowsPowerShell\v1.0\;C:\Windows\System32\OpenSSH\;C:\Users\Administrator\AppData\Local\Microsoft\WindowsApps;C:\WINDOWS\system32;C:\WINDOWS;C:\WINDOWS\System32\Wbem;C:\WINDOWS\System32\WindowsPowerShell\v1.0\;C:\WINDOWS\System32\OpenSSH\;C:\Program Files\Git\cmd;C:\Program Files\nodejs\;C:\ProgramData\chocolatey\bin;C:\Program Files\dotnet\;C:\Program Files\Microsoft SQL Server\150\Tools\Binn\;C:\Program Files\Microsoft SQL Server\Client SDK\ODBC\170\Tools\Binn\;C:\Program Files (x86)\Microsoft SQL Server\160\Tools\Binn\;C:\Program Files\Microsoft SQL Server\160\Tools\Binn\;C:\Program Files\Microsoft SQL Server\160\DTS\Binn\;C:\Program Files\Microsoft VS Code\bin;D:\Program Files\apache-maven-3.9.11\bin;D:\Program Files\Java\jdk-24\bin;C:\MinGW\bin;;C:\Program Files\Docker\Docker\resources\bin;D:\Program Files\MySQL\MySQL Shell 9.3\bin\;C:\Users\jlesc\AppData\Local\Programs\Python\Python314\Scripts\;C:\Users\jlesc\AppData\Local\Programs\Python\Python314\;C:\Users\jlesc\AppData\Local\Programs\Python\Python313\Scripts\;C:\Users\jlesc\AppData\Local\Programs\Python\Python313\;C:\Users\jlesc\AppData\Local\Programs\Python\Launcher\;C:\Users\jlesc\AppData\Local\Microsoft\WindowsApps;C:\Users\jlesc\AppData\Local\Programs\Microsoft VS Code\bin;C:\Users\jlesc\AppData\Roaming\npm;C:\Program Files\PostgreSQL\17\bin;C:\Users\jlesc\AppData\Local\Programs\cursor\resources\app\bin;C:\Program Files\OpenSSL-Win64\bin;C:\Users\jlesc\.dotnet\tools;C:\Users\jlesc\AppData\Local\Programs\Hyper\resources\bin;D:\Users\jlesc\AppData\Local\Programs\MiKTeX\miktex\bin\x64\;;C:\ghcup\bin;C:\Users\jlesc\AppData\Roaming\local\bin;C:\Users\jlesc\AppData\Roaming\cabal\bin;C:\tools\ghc-9.8.2\bin;D:\Program Files\JetBrains\IntelliJ IDEA 2025.2.2\bin
USERNAME=jlesc
OS=Windows_NT
PROCESSOR_IDENTIFIER=Intel64 Family 6 Model 140 Stepping 1, GenuineIntel
TMP=C:\Users\jlesc\AppData\Local\Temp
TEMP=C:\Users\jlesc\AppData\Local\Temp




Periodic native trim disabled

---------------  S Y S T E M  ---------------

OS:
 Windows 11 , 64 bit Build 26100 (10.0.26100.6725)
OS uptime: 1 days 5:54 hours
Hyper-V role detected

CPU: total 8 (initial active 8) (4 cores per cpu, 2 threads per core) family 6 model 140 stepping 1 microcode 0x8a, cx8, cmov, fxsr, ht, mmx, 3dnowpref, sse, sse2, sse3, ssse3, sse4.1, sse4.2, popcnt, lzcnt, tsc, tscinvbit, avx, avx2, aes, erms, clmul, bmi1, bmi2, adx, avx512f, avx512dq, avx512cd, avx512bw, avx512vl, sha, fma, vzeroupper, avx512_vpopcntdq, avx512_vpclmulqdq, avx512_vaes, avx512_vnni, clflush, clflushopt, clwb, avx512_vbmi2, avx512_vbmi, hv, rdtscp, rdpid, fsrm, gfni, avx512_bitalg, f16c, cet_ibt, cet_ss, avx512_ifma
Processor Information for the first 8 processors :
  Max Mhz: 2419, Current Mhz: 2419, Mhz Limit: 2419

Memory: 4k page, system-wide physical 16183M (463M free)
TotalPageFile size 43945M (AvailPageFile size 33M)
current process WorkingSet (physical memory assigned to process): 550M, peak: 2676M
current process commit charge ("private bytes"): 2458M, peak: 3230M

vm_info: OpenJDK 64-Bit Server VM (21.0.8+9-LTS) for windows-amd64 JRE (21.0.8+9-LTS), built on 2025-07-15T00:00:00Z by "admin" with MS VC++ 17.7 (VS2022)

END.
